#
# A fatal error has been detected by the Java Runtime Environment:
#
#  SIGSEGV (0xb) at pc=0x0000000106944ff4, pid=50662, tid=35331
#
# JRE version: OpenJDK Runtime Environment (11.0.6+10) (build 11.0.6+10)
# Java VM: OpenJDK 64-Bit Server VM (11.0.6+10, mixed mode, tiered, compressed oops, g1 gc, bsd-amd64)
# Problematic frame:
# V  [libjvm.dylib+0x744ff4]  _ZN16RawAccessBarrierILy802934EE13load_internalILy802934EjEEN8EnableIfIXsr12HasDecoratorIXT_EXL_ZL12MO_UNORDEREDEEEE5valueET0_E4typeEPv+0x4
#
# No core dump will be written. Core dumps have been disabled. To enable core dumping, try "ulimit -c unlimited" before starting Java again
#
# If you would like to submit a bug report, please visit:
#   https://github.com/AdoptOpenJDK/openjdk-support/issues
#

---------------  S U M M A R Y ------------

Command Line: -agentlib:jdwp=transport=dt_socket,address=127.0.0.1:49997,suspend=y,server=n -XX:TieredStopAtLevel=1 -Xverify:none -Dspring.output.ansi.enabled=always -Dcom.sun.management.jmxremote -Dspring.jmx.enabled=true -Dspring.liveBeansView.mbeanDomain -Dspring.application.admin.enabled=true -javaagent:/Users/zhangcb/Library/Caches/IntelliJIdea2019.3/captureAgent/debugger-agent.jar -Dfile.encoding=UTF-8 org.dhp.examples.rpcdemo.RpcServerDemoApplication

Host: MacBookPro15,2 x86_64 2400 MHz, 8 cores, 8G, Darwin 19.4.0
Time: Thu May 21 10:43:15 2020 CST elapsed time: 14 seconds (0d 0h 0m 14s)

---------------  T H R E A D  ---------------

Current thread (0x00007fe05c12c800):  JavaThread "grizzly-nio-kernel(5) SelectorRunner" daemon [_thread_in_vm, id=35331, stack(0x000070000ca16000,0x000070000cb16000)]

Stack: [0x000070000ca16000,0x000070000cb16000],  sp=0x000070000cb14da0,  free space=1019k
Native frames: (J=compiled Java code, A=aot compiled Java code, j=interpreted, Vv=VM code, C=native code)
V  [libjvm.dylib+0x744ff4]  _ZN16RawAccessBarrierILy802934EE13load_internalILy802934EjEEN8EnableIfIXsr12HasDecoratorIXT_EXL_ZL12MO_UNORDEREDEEEE5valueET0_E4typeEPv+0x4
V  [libjvm.dylib+0x744fa9]  _ZN16RawAccessBarrierILy802934EE8oop_loadIP7oopDescEET_Pv+0x9
V  [libjvm.dylib+0x745035]  _ZN12G1BarrierSet13AccessBarrierILy802934ES_E19oop_load_in_heap_atEP7oopDescl+0x15
V  [libjvm.dylib+0x740c91]  _Z16Unsafe_GetObjectP7JNIEnv_P8_jobjectS2_l+0x61
J 1652  jdk.internal.misc.Unsafe.getObject(Ljava/lang/Object;J)Ljava/lang/Object; java.base@11.0.6 (0 bytes) @ 0x00000001131bef91 [0x00000001131beec0+0x00000000000000d1]
j  sun.misc.Unsafe.getObject(Ljava/lang/Object;J)Ljava/lang/Object;+5 jdk.unsupported@11.0.6
j  io.protostuff.runtime.RuntimeUnsafeFieldFactory$9$1.writeTo(Lio/protostuff/Output;Ljava/lang/Object;)V+8
j  io.protostuff.runtime.RuntimeSchema.writeTo(Lio/protostuff/Output;Ljava/lang/Object;)V+34
j  io.protostuff.ProtostuffIOUtil.toByteArray(Ljava/lang/Object;Lio/protostuff/Schema;Lio/protostuff/LinkedBuffer;)[B+33
j  org.dhp.common.utils.ProtostuffUtils._serialize(Ljava/lang/Object;Lio/protostuff/runtime/RuntimeSchema;)[B+12
j  org.dhp.common.utils.ProtostuffUtils.serialize(Ljava/lang/Class;Ljava/lang/Object;)[B+7
j  org.dhp.core.rpc.MethodDispatchUtils.dealResult(Lorg/dhp/core/rpc/ServerCommand;Ljava/lang/Object;)[B+28
j  org.dhp.net.grizzly.MethodDispatchFilter.handleRead(Lorg/glassfish/grizzly/filterchain/FilterChainContext;)Lorg/glassfish/grizzly/filterchain/NextAction;+599
j  org.glassfish.grizzly.filterchain.ExecutorResolver$9.execute(Lorg/glassfish/grizzly/filterchain/Filter;Lorg/glassfish/grizzly/filterchain/FilterChainContext;)Lorg/glassfish/grizzly/filterchain/NextAction;+2
j  org.glassfish.grizzly.filterchain.DefaultFilterChain.executeFilter(Lorg/glassfish/grizzly/filterchain/FilterExecutor;Lorg/glassfish/grizzly/filterchain/Filter;Lorg/glassfish/grizzly/filterchain/FilterChainContext;)Lorg/glassfish/grizzly/filterchain/NextAction;+38
j  org.glassfish.grizzly.filterchain.DefaultFilterChain.executeChainPart(Lorg/glassfish/grizzly/filterchain/FilterChainContext;Lorg/glassfish/grizzly/filterchain/FilterExecutor;IILorg/glassfish/grizzly/filterchain/DefaultFilterChain$FiltersState;)Lorg/glassfish/grizzly/filterchain/DefaultFilterChain$FilterExecution;+48
j  org.glassfish.grizzly.filterchain.DefaultFilterChain.execute(Lorg/glassfish/grizzly/filterchain/FilterChainContext;)Lorg/glassfish/grizzly/ProcessorResult;+50
j  org.glassfish.grizzly.filterchain.DefaultFilterChain.process(Lorg/glassfish/grizzly/Context;)Lorg/glassfish/grizzly/ProcessorResult;+103
j  org.glassfish.grizzly.ProcessorExecutor.execute(Lorg/glassfish/grizzly/Context;)V+53
j  org.glassfish.grizzly.nio.transport.TCPNIOTransport.fireIOEvent(Lorg/glassfish/grizzly/IOEvent;Lorg/glassfish/grizzly/Connection;Lorg/glassfish/grizzly/IOEventLifeCycleListener;)V+124
j  org.glassfish.grizzly.strategies.AbstractIOStrategy.fireIOEvent(Lorg/glassfish/grizzly/Connection;Lorg/glassfish/grizzly/IOEvent;Lorg/glassfish/grizzly/IOEventLifeCycleListener;Ljava/util/logging/Logger;)V+9
j  org.glassfish.grizzly.strategies.SameThreadIOStrategy.executeIoEvent(Lorg/glassfish/grizzly/Connection;Lorg/glassfish/grizzly/IOEvent;Z)Z+32
j  org.glassfish.grizzly.strategies.AbstractIOStrategy.executeIoEvent(Lorg/glassfish/grizzly/Connection;Lorg/glassfish/grizzly/IOEvent;)Z+4
j  org.glassfish.grizzly.nio.SelectorRunner.iterateKeyEvents()Z+112
j  org.glassfish.grizzly.nio.SelectorRunner.iterateKeys()Z+39
j  org.glassfish.grizzly.nio.SelectorRunner.doSelect()Z+146
j  org.glassfish.grizzly.nio.SelectorRunner.run()V+144
j  org.glassfish.grizzly.threadpool.AbstractThreadPool$Worker.doWork()V+47
j  org.glassfish.grizzly.threadpool.AbstractThreadPool$Worker.run()V+9
j  java.lang.Thread.run()V+11 java.base@11.0.6
v  ~StubRoutines::call_stub
V  [libjvm.dylib+0x3b3e1b]  _ZN9JavaCalls11call_helperEP9JavaValueRK12methodHandleP17JavaCallArgumentsP6Thread+0x27d
V  [libjvm.dylib+0x3b31b2]  _ZN9JavaCalls12call_virtualEP9JavaValueP5KlassP6SymbolS5_P17JavaCallArgumentsP6Thread+0x12a
V  [libjvm.dylib+0x3b3272]  _ZN9JavaCalls12call_virtualEP9JavaValue6HandleP5KlassP6SymbolS6_P6Thread+0x6a
V  [libjvm.dylib+0x43a861]  _ZL12thread_entryP10JavaThreadP6Thread+0x77
V  [libjvm.dylib+0x72286a]  _ZN10JavaThread17thread_main_innerEv+0x7e
V  [libjvm.dylib+0x720713]  _ZN6Thread8call_runEv+0x4f
V  [libjvm.dylib+0x61497e]  _ZL19thread_native_entryP6Thread+0x12f
C  [libsystem_pthread.dylib+0x6109]  _pthread_start+0x94
C  [libsystem_pthread.dylib+0x1b8b]  thread_start+0xf

Java frames: (J=compiled Java code, j=interpreted, Vv=VM code)
J 1652  jdk.internal.misc.Unsafe.getObject(Ljava/lang/Object;J)Ljava/lang/Object; java.base@11.0.6 (0 bytes) @ 0x00000001131bef1c [0x00000001131beec0+0x000000000000005c]
j  sun.misc.Unsafe.getObject(Ljava/lang/Object;J)Ljava/lang/Object;+5 jdk.unsupported@11.0.6
j  io.protostuff.runtime.RuntimeUnsafeFieldFactory$9$1.writeTo(Lio/protostuff/Output;Ljava/lang/Object;)V+8
j  io.protostuff.runtime.RuntimeSchema.writeTo(Lio/protostuff/Output;Ljava/lang/Object;)V+34
j  io.protostuff.ProtostuffIOUtil.toByteArray(Ljava/lang/Object;Lio/protostuff/Schema;Lio/protostuff/LinkedBuffer;)[B+33
j  org.dhp.common.utils.ProtostuffUtils._serialize(Ljava/lang/Object;Lio/protostuff/runtime/RuntimeSchema;)[B+12
j  org.dhp.common.utils.ProtostuffUtils.serialize(Ljava/lang/Class;Ljava/lang/Object;)[B+7
j  org.dhp.core.rpc.MethodDispatchUtils.dealResult(Lorg/dhp/core/rpc/ServerCommand;Ljava/lang/Object;)[B+28
j  org.dhp.net.grizzly.MethodDispatchFilter.handleRead(Lorg/glassfish/grizzly/filterchain/FilterChainContext;)Lorg/glassfish/grizzly/filterchain/NextAction;+599
j  org.glassfish.grizzly.filterchain.ExecutorResolver$9.execute(Lorg/glassfish/grizzly/filterchain/Filter;Lorg/glassfish/grizzly/filterchain/FilterChainContext;)Lorg/glassfish/grizzly/filterchain/NextAction;+2
j  org.glassfish.grizzly.filterchain.DefaultFilterChain.executeFilter(Lorg/glassfish/grizzly/filterchain/FilterExecutor;Lorg/glassfish/grizzly/filterchain/Filter;Lorg/glassfish/grizzly/filterchain/FilterChainContext;)Lorg/glassfish/grizzly/filterchain/NextAction;+38
j  org.glassfish.grizzly.filterchain.DefaultFilterChain.executeChainPart(Lorg/glassfish/grizzly/filterchain/FilterChainContext;Lorg/glassfish/grizzly/filterchain/FilterExecutor;IILorg/glassfish/grizzly/filterchain/DefaultFilterChain$FiltersState;)Lorg/glassfish/grizzly/filterchain/DefaultFilterChain$FilterExecution;+48
j  org.glassfish.grizzly.filterchain.DefaultFilterChain.execute(Lorg/glassfish/grizzly/filterchain/FilterChainContext;)Lorg/glassfish/grizzly/ProcessorResult;+50
j  org.glassfish.grizzly.filterchain.DefaultFilterChain.process(Lorg/glassfish/grizzly/Context;)Lorg/glassfish/grizzly/ProcessorResult;+103
j  org.glassfish.grizzly.ProcessorExecutor.execute(Lorg/glassfish/grizzly/Context;)V+53
j  org.glassfish.grizzly.nio.transport.TCPNIOTransport.fireIOEvent(Lorg/glassfish/grizzly/IOEvent;Lorg/glassfish/grizzly/Connection;Lorg/glassfish/grizzly/IOEventLifeCycleListener;)V+124
j  org.glassfish.grizzly.strategies.AbstractIOStrategy.fireIOEvent(Lorg/glassfish/grizzly/Connection;Lorg/glassfish/grizzly/IOEvent;Lorg/glassfish/grizzly/IOEventLifeCycleListener;Ljava/util/logging/Logger;)V+9
j  org.glassfish.grizzly.strategies.SameThreadIOStrategy.executeIoEvent(Lorg/glassfish/grizzly/Connection;Lorg/glassfish/grizzly/IOEvent;Z)Z+32
j  org.glassfish.grizzly.strategies.AbstractIOStrategy.executeIoEvent(Lorg/glassfish/grizzly/Connection;Lorg/glassfish/grizzly/IOEvent;)Z+4
j  org.glassfish.grizzly.nio.SelectorRunner.iterateKeyEvents()Z+112
j  org.glassfish.grizzly.nio.SelectorRunner.iterateKeys()Z+39
j  org.glassfish.grizzly.nio.SelectorRunner.doSelect()Z+146
j  org.glassfish.grizzly.nio.SelectorRunner.run()V+144
j  org.glassfish.grizzly.threadpool.AbstractThreadPool$Worker.doWork()V+47
j  org.glassfish.grizzly.threadpool.AbstractThreadPool$Worker.run()V+9
j  java.lang.Thread.run()V+11 java.base@11.0.6
v  ~StubRoutines::call_stub

siginfo: si_signo: 11 (SIGSEGV), si_code: 1 (SEGV_MAPERR), si_addr: 0x000000000000000c

Register to memory mapping:

RAX=0x000000000000000c is an unknown value
RBX=0x0 is NULL
RCX=0x0 is NULL
RDX=0x000000000000000c is an unknown value
RSP=0x000070000cb14da0 is pointing into the stack for thread: 0x00007fe05c12c800
RBP=0x000070000cb14da0 is pointing into the stack for thread: 0x00007fe05c12c800
RSI=0x000000000000000c is an unknown value
RDI=0x000000000000000c is an unknown value
R8 =0x0 is NULL
R9 =0x00000000fffffffe is an unknown value
R10=0x00000001131bef1c is at entry_point+92 in (nmethod*)0x00000001131bed10
R11=0x00000001131beee8 is at entry_point+40 in (nmethod*)0x00000001131bed10
R12=0x0 is NULL
R13=0x00007fe05c12cb40 points into unknown readable memory: d0 47 d1 06 01 00 00 00
R14=0x000000000000000c is an unknown value
R15=0x000000000000000c is an unknown value


Registers:
RAX=0x000000000000000c, RBX=0x0000000000000000, RCX=0x0000000000000000, RDX=0x000000000000000c
RSP=0x000070000cb14da0, RBP=0x000070000cb14da0, RSI=0x000000000000000c, RDI=0x000000000000000c
R8 =0x0000000000000000, R9 =0x00000000fffffffe, R10=0x00000001131bef1c, R11=0x00000001131beee8
R12=0x0000000000000000, R13=0x00007fe05c12cb40, R14=0x000000000000000c, R15=0x000000000000000c
RIP=0x0000000106944ff4, EFLAGS=0x0000000000010202, ERR=0x0000000000000004
  TRAPNO=0x000000000000000e

Top of Stack: (sp=0x000070000cb14da0)
0x000070000cb14da0:   000070000cb14db0 0000000106944fa9
0x000070000cb14db0:   000070000cb14de0 0000000106945035
0x000070000cb14dc0:   0000000106944f60 00007fe05c12c800
0x000070000cb14dd0:   000070000cb14e08 000000000000000c
0x000070000cb14de0:   000070000cb14e40 0000000106940c91
0x000070000cb14df0:   0000000129e31430 0000000000000000
0x000070000cb14e00:   000000000000000c 00007fe05c12c800
0x000070000cb14e10:   00007fe05c12c800 00000001090636e0
0x000070000cb14e20:   0000000000000000 000070000cb14ea8
0x000070000cb14e30:   000070000cb14f38 00007fe05c12c800
0x000070000cb14e40:   000070000cb14e90 00000001131bef91
0x000070000cb14e50:   00000007801cd358 0000000000000000
0x000070000cb14e60:   000070000cb14e90 00000001065aed60
0x000070000cb14e70:   000070000cb15c40 00007fe05c12c800
0x000070000cb14e80:   00000000000000b6 000070000cb14f38
0x000070000cb14e90:   000070000cb14f10 00000001128118c8
0x000070000cb14ea0:   00000001128118c8 000000000000000c
0x000070000cb14eb0:   0000000000000000 0000000000000000
0x000070000cb14ec0:   00000007801cd358 000070000cb14ec8
0x000070000cb14ed0:   0000000129e313f5 000070000cb14f38
0x000070000cb14ee0:   00000001096de9f0 0000000000000000
0x000070000cb14ef0:   0000000787dbd920 0000000129e31430
0x000070000cb14f00:   000070000cb14ea8 000070000cb14f20
0x000070000cb14f10:   000070000cb14f88 00000001128118c8
0x000070000cb14f20:   000000000000000c 0000000000000000
0x000070000cb14f30:   0000000000000000 0000000787dbe838
0x000070000cb14f40:   000070000cb14f40 0000000129e64468
0x000070000cb14f50:   000070000cb14fb0 0000000129e64640
0x000070000cb14f60:   0000000000000000 0000000787b2d8a8
0x000070000cb14f70:   0000000129e644c0 000070000cb14f20
0x000070000cb14f80:   000070000cb14fa0 000070000cb15000
0x000070000cb14f90:   0000000112811d1c 0000000000000000 

Instructions: (pc=0x0000000106944ff4)
0x0000000106944ef4:   e8 87 f8 ff ff 48 89 c7 e8 8f f8 ff ff ff c8 83
0x0000000106944f04:   f8 03 73 0f 48 98 48 8d 0d 1f 61 3b 00 48 8b 04
0x0000000106944f14:   c1 5d c3 48 8d 3d 87 ff 05 00 48 8d 15 af ff 05
0x0000000106944f24:   00 be ef 00 00 00 31 c0 e8 f5 ed b2 ff e8 60 f5
0x0000000106944f34:   ec ff 31 c0 5d c3 66 0f 1f 44 00 00 55 48 89 e5
0x0000000106944f44:   5d e9 26 00 00 00 66 0f 1f 44 00 00 55 48 89 e5
0x0000000106944f54:   5d e9 b6 00 00 00 66 0f 1f 44 00 00 55 48 89 e5
0x0000000106944f64:   5d e9 b6 00 00 00 66 0f 1f 44 00 00 55 48 89 e5
0x0000000106944f74:   5d e9 06 00 00 00 66 0f 1f 44 00 00 55 48 89 e5
0x0000000106944f84:   e8 37 00 00 00 48 89 c7 5d e9 0e 00 00 00 66 66
0x0000000106944f94:   66 66 66 2e 0f 1f 84 00 00 00 00 00 55 48 89 e5
0x0000000106944fa4:   e8 27 00 00 00 89 c7 5d e9 2f 00 00 00 66 66 66
0x0000000106944fb4:   66 66 66 2e 0f 1f 84 00 00 00 00 00 55 48 89 e5
0x0000000106944fc4:   5d e9 d6 fd ff ff 66 0f 1f 44 00 00 55 48 89 e5
0x0000000106944fd4:   5d e9 16 00 00 00 66 0f 1f 44 00 00 55 48 89 e5
0x0000000106944fe4:   5d e9 16 00 00 00 66 0f 1f 44 00 00 55 48 89 e5
0x0000000106944ff4:   8b 07 5d c3 0f 1f 84 00 00 00 00 00 55 48 89 e5
0x0000000106945004:   5d e9 a6 fd ff ff 66 0f 1f 44 00 00 55 48 89 e5
0x0000000106945014:   5d e9 66 ff ff ff 66 0f 1f 44 00 00 55 48 89 e5
0x0000000106945024:   41 57 41 56 53 50 49 89 f6 48 89 fb e8 2b 00 00
0x0000000106945034:   00 49 89 c7 48 89 df 4c 89 f6 e8 2d 00 00 00 48
0x0000000106945044:   89 c7 4c 89 fe e8 52 f8 ff ff 4c 89 f8 48 83 c4
0x0000000106945054:   08 5b 41 5e 41 5f 5d c3 0f 1f 40 00 55 48 89 e5
0x0000000106945064:   5d e9 16 ff ff ff 66 0f 1f 44 00 00 55 48 89 e5
0x0000000106945074:   48 89 f0 48 89 f9 bf 76 40 0c 00 48 89 ce 48 89
0x0000000106945084:   c2 5d e9 99 d6 8b ff 0f 1f 44 00 00 55 48 89 e5
0x0000000106945094:   5d e9 26 00 00 00 66 0f 1f 44 00 00 55 48 89 e5
0x00000001069450a4:   5d e9 b6 00 00 00 66 0f 1f 44 00 00 55 48 89 e5
0x00000001069450b4:   5d e9 b6 00 00 00 66 0f 1f 44 00 00 55 48 89 e5
0x00000001069450c4:   5d e9 06 00 00 00 66 0f 1f 44 00 00 55 48 89 e5
0x00000001069450d4:   e8 37 00 00 00 48 89 c7 5d e9 0e 00 00 00 66 66
0x00000001069450e4:   66 66 66 2e 0f 1f 84 00 00 00 00 00 55 48 89 e5 


Stack slot to memory mapping:
stack at sp + 0 slots: 0x000070000cb14db0 is pointing into the stack for thread: 0x00007fe05c12c800
stack at sp + 1 slots: 0x0000000106944fa9: _ZN16RawAccessBarrierILy802934EE8oop_loadIP7oopDescEET_Pv+0x9 in /Library/Java/JavaVirtualMachines/adoptopenjdk-11.jdk/Contents/Home/lib/server/libjvm.dylib at 0x0000000106200000
stack at sp + 2 slots: 0x000070000cb14de0 is pointing into the stack for thread: 0x00007fe05c12c800
stack at sp + 3 slots: 0x0000000106945035: _ZN12G1BarrierSet13AccessBarrierILy802934ES_E19oop_load_in_heap_atEP7oopDescl+0x15 in /Library/Java/JavaVirtualMachines/adoptopenjdk-11.jdk/Contents/Home/lib/server/libjvm.dylib at 0x0000000106200000
stack at sp + 4 slots: 0x0000000106944f60: _ZN14AccessInternal19PostRuntimeDispatchIN12G1BarrierSet13AccessBarrierILy802934ES1_EELNS_11BarrierTypeE3ELy802934EE18oop_access_barrierEP7oopDescl+0 in /Library/Java/JavaVirtualMachines/adoptopenjdk-11.jdk/Contents/Home/lib/server/libjvm.dylib at 0x0000000106200000
stack at sp + 5 slots: 0x00007fe05c12c800 is a thread
stack at sp + 6 slots: 0x000070000cb14e08 is pointing into the stack for thread: 0x00007fe05c12c800
stack at sp + 7 slots: 0x000000000000000c is an unknown value


---------------  P R O C E S S  ---------------

Threads class SMR info:
_java_thread_list=0x00007fe05a0fc7d0, length=30, elements={
0x00007fe05980a800, 0x00007fe058853800, 0x00007fe05b00e800, 0x00007fe059013000,
0x00007fe05c02b800, 0x00007fe05b809000, 0x00007fe058016800, 0x00007fe0588c1000,
0x00007fe0590c9000, 0x00007fe0590c9800, 0x00007fe05b8aa800, 0x00007fe05b8b6800,
0x00007fe058938800, 0x00007fe0592e8800, 0x00007fe05a83f800, 0x00007fe05a86c800,
0x00007fe058083800, 0x00007fe05896f800, 0x00007fe058957800, 0x00007fe05b8d0000,
0x00007fe0580bc800, 0x00007fe05c12c800, 0x00007fe058055800, 0x00007fe0580d6800,
0x00007fe0580c3000, 0x00007fe05b8d5000, 0x00007fe058111000, 0x00007fe05b0bb800,
0x00007fe058111800, 0x00007fe05995a800
}

Java Threads: ( => current thread )
  0x00007fe05980a800 JavaThread "main" [_thread_blocked, id=10499, stack(0x000070000a6aa000,0x000070000a7aa000)]
  0x00007fe058853800 JavaThread "Reference Handler" daemon [_thread_blocked, id=18691, stack(0x000070000adbf000,0x000070000aebf000)]
  0x00007fe05b00e800 JavaThread "Finalizer" daemon [_thread_blocked, id=13059, stack(0x000070000aec2000,0x000070000afc2000)]
  0x00007fe059013000 JavaThread "Signal Dispatcher" daemon [_thread_blocked, id=14083, stack(0x000070000b0cb000,0x000070000b1cb000)]
  0x00007fe05c02b800 JavaThread "C1 CompilerThread0" daemon [_thread_blocked, id=15619, stack(0x000070000b1ce000,0x000070000b2ce000)]
  0x00007fe05b809000 JavaThread "Sweeper thread" daemon [_thread_blocked, id=15107, stack(0x000070000b2d1000,0x000070000b3d1000)]
  0x00007fe058016800 JavaThread "Common-Cleaner" daemon [_thread_blocked, id=22275, stack(0x000070000b3d4000,0x000070000b4d4000)]
  0x00007fe0588c1000 JavaThread "JDWP Transport Listener: dt_socket" daemon [_thread_blocked, id=43267, stack(0x000070000b4d7000,0x000070000b5d7000)]
  0x00007fe0590c9000 JavaThread "JDWP Event Helper Thread" daemon [_thread_blocked, id=42499, stack(0x000070000b5da000,0x000070000b6da000)]
  0x00007fe0590c9800 JavaThread "JDWP Command Reader" daemon [_thread_in_native, id=41731, stack(0x000070000b6dd000,0x000070000b7dd000)]
  0x00007fe05b8aa800 JavaThread "Service Thread" daemon [_thread_blocked, id=23043, stack(0x000070000b7e0000,0x000070000b8e0000)]
  0x00007fe05b8b6800 JavaThread "RMI TCP Accept-0" daemon [_thread_in_native, id=23299, stack(0x000070000b8e3000,0x000070000b9e3000)]
  0x00007fe058938800 JavaThread "Thread-0" [_thread_blocked, id=24835, stack(0x000070000bcef000,0x000070000bdef000)]
  0x00007fe0592e8800 JavaThread "restartedMain" [_thread_in_native, id=39427, stack(0x000070000bdf2000,0x000070000bef2000)]
  0x00007fe05a83f800 JavaThread "Attach Listener" daemon [_thread_blocked, id=38659, stack(0x000070000bef5000,0x000070000bff5000)]
  0x00007fe05a86c800 JavaThread "RMI TCP Connection(3)-127.0.0.1" daemon [_thread_in_native, id=26119, stack(0x000070000bff8000,0x000070000c0f8000)]
  0x00007fe058083800 JavaThread "RMI Scheduler(0)" daemon [_thread_blocked, id=38147, stack(0x000070000c0fb000,0x000070000c1fb000)]
  0x00007fe05896f800 JavaThread "grizzly-nio-kernel(1) SelectorRunner" daemon [_thread_in_native, id=27275, stack(0x000070000c60a000,0x000070000c70a000)]
  0x00007fe058957800 JavaThread "grizzly-nio-kernel(2) SelectorRunner" daemon [_thread_in_native, id=27651, stack(0x000070000c70d000,0x000070000c80d000)]
  0x00007fe05b8d0000 JavaThread "grizzly-nio-kernel(3) SelectorRunner" daemon [_thread_in_native, id=28163, stack(0x000070000c810000,0x000070000c910000)]
  0x00007fe0580bc800 JavaThread "grizzly-nio-kernel(4) SelectorRunner" daemon [_thread_in_native, id=28675, stack(0x000070000c913000,0x000070000ca13000)]
=>0x00007fe05c12c800 JavaThread "grizzly-nio-kernel(5) SelectorRunner" daemon [_thread_in_vm, id=35331, stack(0x000070000ca16000,0x000070000cb16000)]
  0x00007fe058055800 JavaThread "grizzly-nio-kernel(6) SelectorRunner" daemon [_thread_in_native, id=29699, stack(0x000070000cb19000,0x000070000cc19000)]
  0x00007fe0580d6800 JavaThread "grizzly-nio-kernel(7) SelectorRunner" daemon [_thread_in_native, id=34819, stack(0x000070000cc1c000,0x000070000cd1c000)]
  0x00007fe0580c3000 JavaThread "grizzly-nio-kernel(8) SelectorRunner" daemon [_thread_in_native, id=30723, stack(0x000070000cd1f000,0x000070000ce1f000)]
  0x00007fe05b8d5000 JavaThread "grizzly-nio-kernel(9) SelectorRunner" daemon [_thread_in_native, id=34051, stack(0x000070000ce22000,0x000070000cf22000)]
  0x00007fe058111000 JavaThread "File Watcher" daemon [_thread_blocked, id=33795, stack(0x000070000cf25000,0x000070000d025000)]
  0x00007fe05b0bb800 JavaThread "Live Reload Server" daemon [_thread_in_native, id=33031, stack(0x000070000d12b000,0x000070000d22b000)]
  0x00007fe058111800 JavaThread "scheduling-1" [_thread_blocked, id=32259, stack(0x000070000d028000,0x000070000d128000)]
  0x00007fe05995a800 JavaThread "RMI TCP Connection(2)-127.0.0.1" daemon [_thread_in_native, id=43535, stack(0x000070000d22e000,0x000070000d32e000)]

Other Threads:
  0x00007fe05b808800 VMThread "VM Thread" [stack: 0x000070000acbc000,0x000070000adbc000] [id=12547]
  0x00007fe05a80b000 WatcherThread [stack: 0x000070000b9e6000,0x000070000bae6000] [id=40451]
  0x00007fe059019800 GCTaskThread "GC Thread#0" [stack: 0x000070000a7ad000,0x000070000a8ad000] [id=21251]
  0x00007fe058017800 GCTaskThread "GC Thread#1" [stack: 0x000070000bae9000,0x000070000bbe9000] [id=24067]
  0x00007fe058018000 GCTaskThread "GC Thread#2" [stack: 0x000070000bbec000,0x000070000bcec000] [id=40195]
  0x00007fe05a8af800 GCTaskThread "GC Thread#3" [stack: 0x000070000c1fe000,0x000070000c2fe000] [id=37639]
  0x00007fe05a89c800 GCTaskThread "GC Thread#4" [stack: 0x000070000c301000,0x000070000c401000] [id=37895]
  0x00007fe0592f2000 GCTaskThread "GC Thread#5" [stack: 0x000070000c404000,0x000070000c504000] [id=37123]
  0x00007fe05a8e0800 GCTaskThread "GC Thread#6" [stack: 0x000070000d434000,0x000070000d534000] [id=86287]
  0x00007fe05c125000 GCTaskThread "GC Thread#7" [stack: 0x000070000d537000,0x000070000d637000] [id=86019]
  0x00007fe05c028800 ConcurrentGCThread "G1 Main Marker" [stack: 0x000070000a8b0000,0x000070000a9b0000] [id=20995]
  0x00007fe05901a000 ConcurrentGCThread "G1 Conc#0" [stack: 0x000070000a9b3000,0x000070000aab3000] [id=20483]
  0x00007fe0592f3000 ConcurrentGCThread "G1 Conc#1" [stack: 0x000070000c507000,0x000070000c607000] [id=36611]
  0x00007fe05907a800 ConcurrentGCThread "G1 Refine#0" [stack: 0x000070000aab6000,0x000070000abb6000] [id=19971]
  0x00007fe05907b000 ConcurrentGCThread "G1 Young RemSet Sampling" [stack: 0x000070000abb9000,0x000070000acb9000] [id=19715]

Threads with active compile tasks:

VM state:not at safepoint (normal execution)

VM Mutex/Monitor currently owned by a thread: None

Heap address: 0x0000000780000000, size: 2048 MB, Compressed Oops mode: Zero based, Oop shift amount: 3
Narrow klass base: 0x0000000800000000, Narrow klass shift: 0
Compressed class space size: 1073741824 Address: 0x0000000800000000

Heap:
 garbage-first heap   total 131072K, used 13383K [0x0000000780000000, 0x0000000800000000)
  region size 1024K, 10 young (10240K), 5 survivors (5120K)
 Metaspace       used 28784K, capacity 29764K, committed 30080K, reserved 1075200K
  class space    used 3501K, capacity 3863K, committed 3968K, reserved 1048576K
Heap Regions: E=young(eden), S=young(survivor), O=old, HS=humongous(starts), HC=humongous(continues), CS=collection set, F=free, A=archive, TAMS=top-at-mark-start (previous, next)
|   0|0x0000000780000000, 0x0000000780100000, 0x0000000780100000|100%| O|  |TAMS 0x0000000780100000, 0x0000000780000000| Untracked 
|   1|0x0000000780100000, 0x0000000780200000, 0x0000000780200000|100%| O|  |TAMS 0x00000007801c6800, 0x0000000780100000| Untracked 
|   2|0x0000000780200000, 0x0000000780300000, 0x0000000780300000|100%| O|  |TAMS 0x0000000780200000, 0x0000000780200000| Untracked 
|   3|0x0000000780300000, 0x0000000780400000, 0x0000000780400000|100%| O|  |TAMS 0x0000000780300000, 0x0000000780300000| Untracked 
|   4|0x0000000780400000, 0x00000007804b1e00, 0x0000000780500000| 69%| O|  |TAMS 0x0000000780400000, 0x0000000780400000| Untracked 
|   5|0x0000000780500000, 0x0000000780500000, 0x0000000780600000|  0%| F|  |TAMS 0x0000000780500000, 0x0000000780500000| Untracked 
|   6|0x0000000780600000, 0x0000000780600000, 0x0000000780700000|  0%| F|  |TAMS 0x0000000780600000, 0x0000000780600000| Untracked 
|   7|0x0000000780700000, 0x0000000780700000, 0x0000000780800000|  0%| F|  |TAMS 0x0000000780700000, 0x0000000780700000| Untracked 
|   8|0x0000000780800000, 0x0000000780800000, 0x0000000780900000|  0%| F|  |TAMS 0x0000000780800000, 0x0000000780800000| Untracked 
|   9|0x0000000780900000, 0x0000000780900000, 0x0000000780a00000|  0%| F|  |TAMS 0x0000000780900000, 0x0000000780900000| Untracked 
|  10|0x0000000780a00000, 0x0000000780a00000, 0x0000000780b00000|  0%| F|  |TAMS 0x0000000780a00000, 0x0000000780a00000| Untracked 
|  11|0x0000000780b00000, 0x0000000780b00000, 0x0000000780c00000|  0%| F|  |TAMS 0x0000000780b00000, 0x0000000780b00000| Untracked 
|  12|0x0000000780c00000, 0x0000000780c00000, 0x0000000780d00000|  0%| F|  |TAMS 0x0000000780c00000, 0x0000000780c00000| Untracked 
|  13|0x0000000780d00000, 0x0000000780d00000, 0x0000000780e00000|  0%| F|  |TAMS 0x0000000780d00000, 0x0000000780d00000| Untracked 
|  14|0x0000000780e00000, 0x0000000780e00000, 0x0000000780f00000|  0%| F|  |TAMS 0x0000000780e00000, 0x0000000780e00000| Untracked 
|  15|0x0000000780f00000, 0x0000000780f00000, 0x0000000781000000|  0%| F|  |TAMS 0x0000000780f00000, 0x0000000780f00000| Untracked 
|  16|0x0000000781000000, 0x0000000781000000, 0x0000000781100000|  0%| F|  |TAMS 0x0000000781000000, 0x0000000781000000| Untracked 
|  17|0x0000000781100000, 0x0000000781100000, 0x0000000781200000|  0%| F|  |TAMS 0x0000000781100000, 0x0000000781100000| Untracked 
|  18|0x0000000781200000, 0x0000000781200000, 0x0000000781300000|  0%| F|  |TAMS 0x0000000781200000, 0x0000000781200000| Untracked 
|  19|0x0000000781300000, 0x0000000781300000, 0x0000000781400000|  0%| F|  |TAMS 0x0000000781300000, 0x0000000781300000| Untracked 
|  20|0x0000000781400000, 0x0000000781400000, 0x0000000781500000|  0%| F|  |TAMS 0x0000000781400000, 0x0000000781400000| Untracked 
|  21|0x0000000781500000, 0x0000000781500000, 0x0000000781600000|  0%| F|  |TAMS 0x0000000781500000, 0x0000000781500000| Untracked 
|  22|0x0000000781600000, 0x0000000781600000, 0x0000000781700000|  0%| F|  |TAMS 0x0000000781600000, 0x0000000781600000| Untracked 
|  23|0x0000000781700000, 0x0000000781700000, 0x0000000781800000|  0%| F|  |TAMS 0x0000000781700000, 0x0000000781700000| Untracked 
|  24|0x0000000781800000, 0x0000000781800000, 0x0000000781900000|  0%| F|  |TAMS 0x0000000781800000, 0x0000000781800000| Untracked 
|  25|0x0000000781900000, 0x0000000781900000, 0x0000000781a00000|  0%| F|  |TAMS 0x0000000781900000, 0x0000000781900000| Untracked 
|  26|0x0000000781a00000, 0x0000000781a00000, 0x0000000781b00000|  0%| F|  |TAMS 0x0000000781a00000, 0x0000000781a00000| Untracked 
|  27|0x0000000781b00000, 0x0000000781b00000, 0x0000000781c00000|  0%| F|  |TAMS 0x0000000781b00000, 0x0000000781b00000| Untracked 
|  28|0x0000000781c00000, 0x0000000781c00000, 0x0000000781d00000|  0%| F|  |TAMS 0x0000000781c00000, 0x0000000781c00000| Untracked 
|  29|0x0000000781d00000, 0x0000000781d00000, 0x0000000781e00000|  0%| F|  |TAMS 0x0000000781d00000, 0x0000000781d00000| Untracked 
|  30|0x0000000781e00000, 0x0000000781e00000, 0x0000000781f00000|  0%| F|  |TAMS 0x0000000781e00000, 0x0000000781e00000| Untracked 
|  31|0x0000000781f00000, 0x0000000781f00000, 0x0000000782000000|  0%| F|  |TAMS 0x0000000781f00000, 0x0000000781f00000| Untracked 
|  32|0x0000000782000000, 0x0000000782000000, 0x0000000782100000|  0%| F|  |TAMS 0x0000000782000000, 0x0000000782000000| Untracked 
|  33|0x0000000782100000, 0x0000000782100000, 0x0000000782200000|  0%| F|  |TAMS 0x0000000782100000, 0x0000000782100000| Untracked 
|  34|0x0000000782200000, 0x0000000782200000, 0x0000000782300000|  0%| F|  |TAMS 0x0000000782200000, 0x0000000782200000| Untracked 
|  35|0x0000000782300000, 0x0000000782300000, 0x0000000782400000|  0%| F|  |TAMS 0x0000000782300000, 0x0000000782300000| Untracked 
|  36|0x0000000782400000, 0x0000000782400000, 0x0000000782500000|  0%| F|  |TAMS 0x0000000782400000, 0x0000000782400000| Untracked 
|  37|0x0000000782500000, 0x0000000782500000, 0x0000000782600000|  0%| F|  |TAMS 0x0000000782500000, 0x0000000782500000| Untracked 
|  38|0x0000000782600000, 0x0000000782600000, 0x0000000782700000|  0%| F|  |TAMS 0x0000000782600000, 0x0000000782600000| Untracked 
|  39|0x0000000782700000, 0x0000000782700000, 0x0000000782800000|  0%| F|  |TAMS 0x0000000782700000, 0x0000000782700000| Untracked 
|  40|0x0000000782800000, 0x0000000782800000, 0x0000000782900000|  0%| F|  |TAMS 0x0000000782800000, 0x0000000782800000| Untracked 
|  41|0x0000000782900000, 0x0000000782900000, 0x0000000782a00000|  0%| F|  |TAMS 0x0000000782900000, 0x0000000782900000| Untracked 
|  42|0x0000000782a00000, 0x0000000782a00000, 0x0000000782b00000|  0%| F|  |TAMS 0x0000000782a00000, 0x0000000782a00000| Untracked 
|  43|0x0000000782b00000, 0x0000000782b00000, 0x0000000782c00000|  0%| F|  |TAMS 0x0000000782b00000, 0x0000000782b00000| Untracked 
|  44|0x0000000782c00000, 0x0000000782c00000, 0x0000000782d00000|  0%| F|  |TAMS 0x0000000782c00000, 0x0000000782c00000| Untracked 
|  45|0x0000000782d00000, 0x0000000782d00000, 0x0000000782e00000|  0%| F|  |TAMS 0x0000000782d00000, 0x0000000782d00000| Untracked 
|  46|0x0000000782e00000, 0x0000000782e00000, 0x0000000782f00000|  0%| F|  |TAMS 0x0000000782e00000, 0x0000000782e00000| Untracked 
|  47|0x0000000782f00000, 0x0000000782f00000, 0x0000000783000000|  0%| F|  |TAMS 0x0000000782f00000, 0x0000000782f00000| Untracked 
|  48|0x0000000783000000, 0x0000000783000000, 0x0000000783100000|  0%| F|  |TAMS 0x0000000783000000, 0x0000000783000000| Untracked 
|  49|0x0000000783100000, 0x0000000783100000, 0x0000000783200000|  0%| F|  |TAMS 0x0000000783100000, 0x0000000783100000| Untracked 
|  50|0x0000000783200000, 0x0000000783200000, 0x0000000783300000|  0%| F|  |TAMS 0x0000000783200000, 0x0000000783200000| Untracked 
|  51|0x0000000783300000, 0x0000000783300000, 0x0000000783400000|  0%| F|  |TAMS 0x0000000783300000, 0x0000000783300000| Untracked 
|  52|0x0000000783400000, 0x0000000783400000, 0x0000000783500000|  0%| F|  |TAMS 0x0000000783400000, 0x0000000783400000| Untracked 
|  53|0x0000000783500000, 0x0000000783500000, 0x0000000783600000|  0%| F|  |TAMS 0x0000000783500000, 0x0000000783500000| Untracked 
|  54|0x0000000783600000, 0x0000000783600000, 0x0000000783700000|  0%| F|  |TAMS 0x0000000783600000, 0x0000000783600000| Untracked 
|  55|0x0000000783700000, 0x0000000783700000, 0x0000000783800000|  0%| F|  |TAMS 0x0000000783700000, 0x0000000783700000| Untracked 
|  56|0x0000000783800000, 0x0000000783800000, 0x0000000783900000|  0%| F|  |TAMS 0x0000000783800000, 0x0000000783800000| Untracked 
|  57|0x0000000783900000, 0x0000000783900000, 0x0000000783a00000|  0%| F|  |TAMS 0x0000000783900000, 0x0000000783900000| Untracked 
|  58|0x0000000783a00000, 0x0000000783a00000, 0x0000000783b00000|  0%| F|  |TAMS 0x0000000783a00000, 0x0000000783a00000| Untracked 
|  59|0x0000000783b00000, 0x0000000783b00000, 0x0000000783c00000|  0%| F|  |TAMS 0x0000000783b00000, 0x0000000783b00000| Untracked 
|  60|0x0000000783c00000, 0x0000000783c00000, 0x0000000783d00000|  0%| F|  |TAMS 0x0000000783c00000, 0x0000000783c00000| Untracked 
|  61|0x0000000783d00000, 0x0000000783d00000, 0x0000000783e00000|  0%| F|  |TAMS 0x0000000783d00000, 0x0000000783d00000| Untracked 
|  62|0x0000000783e00000, 0x0000000783e00000, 0x0000000783f00000|  0%| F|  |TAMS 0x0000000783e00000, 0x0000000783e00000| Untracked 
|  63|0x0000000783f00000, 0x0000000783f00000, 0x0000000784000000|  0%| F|  |TAMS 0x0000000783f00000, 0x0000000783f00000| Untracked 
|  64|0x0000000784000000, 0x0000000784000000, 0x0000000784100000|  0%| F|  |TAMS 0x0000000784000000, 0x0000000784000000| Untracked 
|  65|0x0000000784100000, 0x0000000784100000, 0x0000000784200000|  0%| F|  |TAMS 0x0000000784100000, 0x0000000784100000| Untracked 
|  66|0x0000000784200000, 0x0000000784200000, 0x0000000784300000|  0%| F|  |TAMS 0x0000000784200000, 0x0000000784200000| Untracked 
|  67|0x0000000784300000, 0x0000000784300000, 0x0000000784400000|  0%| F|  |TAMS 0x0000000784300000, 0x0000000784300000| Untracked 
|  68|0x0000000784400000, 0x00000007844601a8, 0x0000000784500000| 37%| S|CS|TAMS 0x0000000784400000, 0x0000000784400000| Complete 
|  69|0x0000000784500000, 0x0000000784600000, 0x0000000784600000|100%| S|CS|TAMS 0x0000000784500000, 0x0000000784500000| Complete 
|  70|0x0000000784600000, 0x0000000784700000, 0x0000000784700000|100%| S|CS|TAMS 0x0000000784600000, 0x0000000784600000| Complete 
|  71|0x0000000784700000, 0x0000000784800000, 0x0000000784800000|100%| S|CS|TAMS 0x0000000784700000, 0x0000000784700000| Complete 
|  72|0x0000000784800000, 0x0000000784900000, 0x0000000784900000|100%| S|CS|TAMS 0x0000000784800000, 0x0000000784800000| Complete 
|  73|0x0000000784900000, 0x0000000784900000, 0x0000000784a00000|  0%| F|  |TAMS 0x0000000784900000, 0x0000000784900000| Untracked 
|  74|0x0000000784a00000, 0x0000000784a00000, 0x0000000784b00000|  0%| F|  |TAMS 0x0000000784a00000, 0x0000000784a00000| Untracked 
|  75|0x0000000784b00000, 0x0000000784b00000, 0x0000000784c00000|  0%| F|  |TAMS 0x0000000784b00000, 0x0000000784b00000| Untracked 
|  76|0x0000000784c00000, 0x0000000784c00000, 0x0000000784d00000|  0%| F|  |TAMS 0x0000000784c00000, 0x0000000784c00000| Untracked 
|  77|0x0000000784d00000, 0x0000000784d00000, 0x0000000784e00000|  0%| F|  |TAMS 0x0000000784d00000, 0x0000000784d00000| Untracked 
|  78|0x0000000784e00000, 0x0000000784e00000, 0x0000000784f00000|  0%| F|  |TAMS 0x0000000784e00000, 0x0000000784e00000| Untracked 
|  79|0x0000000784f00000, 0x0000000784f00000, 0x0000000785000000|  0%| F|  |TAMS 0x0000000784f00000, 0x0000000784f00000| Untracked 
|  80|0x0000000785000000, 0x0000000785000000, 0x0000000785100000|  0%| F|  |TAMS 0x0000000785000000, 0x0000000785000000| Untracked 
|  81|0x0000000785100000, 0x0000000785100000, 0x0000000785200000|  0%| F|  |TAMS 0x0000000785100000, 0x0000000785100000| Untracked 
|  82|0x0000000785200000, 0x0000000785200000, 0x0000000785300000|  0%| F|  |TAMS 0x0000000785200000, 0x0000000785200000| Untracked 
|  83|0x0000000785300000, 0x0000000785300000, 0x0000000785400000|  0%| F|  |TAMS 0x0000000785300000, 0x0000000785300000| Untracked 
|  84|0x0000000785400000, 0x0000000785400000, 0x0000000785500000|  0%| F|  |TAMS 0x0000000785400000, 0x0000000785400000| Untracked 
|  85|0x0000000785500000, 0x0000000785500000, 0x0000000785600000|  0%| F|  |TAMS 0x0000000785500000, 0x0000000785500000| Untracked 
|  86|0x0000000785600000, 0x0000000785600000, 0x0000000785700000|  0%| F|  |TAMS 0x0000000785600000, 0x0000000785600000| Untracked 
|  87|0x0000000785700000, 0x0000000785700000, 0x0000000785800000|  0%| F|  |TAMS 0x0000000785700000, 0x0000000785700000| Untracked 
|  88|0x0000000785800000, 0x0000000785800000, 0x0000000785900000|  0%| F|  |TAMS 0x0000000785800000, 0x0000000785800000| Untracked 
|  89|0x0000000785900000, 0x0000000785900000, 0x0000000785a00000|  0%| F|  |TAMS 0x0000000785900000, 0x0000000785900000| Untracked 
|  90|0x0000000785a00000, 0x0000000785a00000, 0x0000000785b00000|  0%| F|  |TAMS 0x0000000785a00000, 0x0000000785a00000| Untracked 
|  91|0x0000000785b00000, 0x0000000785b00000, 0x0000000785c00000|  0%| F|  |TAMS 0x0000000785b00000, 0x0000000785b00000| Untracked 
|  92|0x0000000785c00000, 0x0000000785c00000, 0x0000000785d00000|  0%| F|  |TAMS 0x0000000785c00000, 0x0000000785c00000| Untracked 
|  93|0x0000000785d00000, 0x0000000785d00000, 0x0000000785e00000|  0%| F|  |TAMS 0x0000000785d00000, 0x0000000785d00000| Untracked 
|  94|0x0000000785e00000, 0x0000000785e00000, 0x0000000785f00000|  0%| F|  |TAMS 0x0000000785e00000, 0x0000000785e00000| Untracked 
|  95|0x0000000785f00000, 0x0000000785f00000, 0x0000000786000000|  0%| F|  |TAMS 0x0000000785f00000, 0x0000000785f00000| Untracked 
|  96|0x0000000786000000, 0x0000000786000000, 0x0000000786100000|  0%| F|  |TAMS 0x0000000786000000, 0x0000000786000000| Untracked 
|  97|0x0000000786100000, 0x0000000786100000, 0x0000000786200000|  0%| F|  |TAMS 0x0000000786100000, 0x0000000786100000| Untracked 
|  98|0x0000000786200000, 0x0000000786200000, 0x0000000786300000|  0%| F|  |TAMS 0x0000000786200000, 0x0000000786200000| Untracked 
|  99|0x0000000786300000, 0x0000000786300000, 0x0000000786400000|  0%| F|  |TAMS 0x0000000786300000, 0x0000000786300000| Untracked 
| 100|0x0000000786400000, 0x0000000786400000, 0x0000000786500000|  0%| F|  |TAMS 0x0000000786400000, 0x0000000786400000| Untracked 
| 101|0x0000000786500000, 0x0000000786500000, 0x0000000786600000|  0%| F|  |TAMS 0x0000000786500000, 0x0000000786500000| Untracked 
| 102|0x0000000786600000, 0x0000000786600000, 0x0000000786700000|  0%| F|  |TAMS 0x0000000786600000, 0x0000000786600000| Untracked 
| 103|0x0000000786700000, 0x0000000786700000, 0x0000000786800000|  0%| F|  |TAMS 0x0000000786700000, 0x0000000786700000| Untracked 
| 104|0x0000000786800000, 0x0000000786800000, 0x0000000786900000|  0%| F|  |TAMS 0x0000000786800000, 0x0000000786800000| Untracked 
| 105|0x0000000786900000, 0x0000000786900000, 0x0000000786a00000|  0%| F|  |TAMS 0x0000000786900000, 0x0000000786900000| Untracked 
| 106|0x0000000786a00000, 0x0000000786a00000, 0x0000000786b00000|  0%| F|  |TAMS 0x0000000786a00000, 0x0000000786a00000| Untracked 
| 107|0x0000000786b00000, 0x0000000786b00000, 0x0000000786c00000|  0%| F|  |TAMS 0x0000000786b00000, 0x0000000786b00000| Untracked 
| 108|0x0000000786c00000, 0x0000000786c00000, 0x0000000786d00000|  0%| F|  |TAMS 0x0000000786c00000, 0x0000000786c00000| Untracked 
| 109|0x0000000786d00000, 0x0000000786d00000, 0x0000000786e00000|  0%| F|  |TAMS 0x0000000786d00000, 0x0000000786d00000| Untracked 
| 110|0x0000000786e00000, 0x0000000786e00000, 0x0000000786f00000|  0%| F|  |TAMS 0x0000000786e00000, 0x0000000786e00000| Untracked 
| 111|0x0000000786f00000, 0x0000000786f00000, 0x0000000787000000|  0%| F|  |TAMS 0x0000000786f00000, 0x0000000786f00000| Untracked 
| 112|0x0000000787000000, 0x0000000787000000, 0x0000000787100000|  0%| F|  |TAMS 0x0000000787000000, 0x0000000787000000| Untracked 
| 113|0x0000000787100000, 0x0000000787100000, 0x0000000787200000|  0%| F|  |TAMS 0x0000000787100000, 0x0000000787100000| Untracked 
| 114|0x0000000787200000, 0x0000000787200000, 0x0000000787300000|  0%| F|  |TAMS 0x0000000787200000, 0x0000000787200000| Untracked 
| 115|0x0000000787300000, 0x0000000787300000, 0x0000000787400000|  0%| F|  |TAMS 0x0000000787300000, 0x0000000787300000| Untracked 
| 116|0x0000000787400000, 0x0000000787400000, 0x0000000787500000|  0%| F|  |TAMS 0x0000000787400000, 0x0000000787400000| Untracked 
| 117|0x0000000787500000, 0x0000000787500000, 0x0000000787600000|  0%| F|  |TAMS 0x0000000787500000, 0x0000000787500000| Untracked 
| 118|0x0000000787600000, 0x0000000787600000, 0x0000000787700000|  0%| F|  |TAMS 0x0000000787600000, 0x0000000787600000| Untracked 
| 119|0x0000000787700000, 0x0000000787700000, 0x0000000787800000|  0%| F|  |TAMS 0x0000000787700000, 0x0000000787700000| Untracked 
| 120|0x0000000787800000, 0x0000000787800000, 0x0000000787900000|  0%| F|  |TAMS 0x0000000787800000, 0x0000000787800000| Untracked 
| 121|0x0000000787900000, 0x0000000787900000, 0x0000000787a00000|  0%| F|  |TAMS 0x0000000787900000, 0x0000000787900000| Untracked 
| 122|0x0000000787a00000, 0x0000000787a00000, 0x0000000787b00000|  0%| F|  |TAMS 0x0000000787a00000, 0x0000000787a00000| Untracked 
| 123|0x0000000787b00000, 0x0000000787b6d5d0, 0x0000000787c00000| 42%| E|  |TAMS 0x0000000787b00000, 0x0000000787b00000| Complete 
| 124|0x0000000787c00000, 0x0000000787d00000, 0x0000000787d00000|100%| E|CS|TAMS 0x0000000787c00000, 0x0000000787c00000| Complete 
| 125|0x0000000787d00000, 0x0000000787e00000, 0x0000000787e00000|100%| E|CS|TAMS 0x0000000787d00000, 0x0000000787d00000| Complete 
| 126|0x0000000787e00000, 0x0000000787f00000, 0x0000000787f00000|100%| E|CS|TAMS 0x0000000787e00000, 0x0000000787e00000| Complete 
| 127|0x0000000787f00000, 0x0000000788000000, 0x0000000788000000|100%| E|CS|TAMS 0x0000000787f00000, 0x0000000787f00000| Complete 

Card table byte_map: [0x0000000107f2c000,0x000000010832c000] _byte_map_base: 0x000000010432c000

Marking Bits (Prev, Next): (CMBitMap*) 0x00007fe05c01fe50, (CMBitMap*) 0x00007fe05c01fe18
 Prev Bits: [0x0000000123806000, 0x0000000125806000)
 Next Bits: [0x0000000121806000, 0x0000000123806000)

Polling page: 0x0000000105099000

Metaspace:

Usage:
  Non-class:     25.29 MB capacity,    24.69 MB ( 98%) used,   516.51 KB (  2%) free+waste,   101.94 KB ( <1%) overhead. 
      Class:      3.77 MB capacity,     3.42 MB ( 91%) used,   311.45 KB (  8%) free+waste,    49.81 KB (  1%) overhead. 
       Both:     29.07 MB capacity,    28.11 MB ( 97%) used,   827.95 KB (  3%) free+waste,   151.75 KB ( <1%) overhead. 

Virtual space:
  Non-class space:       26.00 MB reserved,      25.50 MB ( 98%) committed 
      Class space:        1.00 GB reserved,       3.88 MB ( <1%) committed 
             Both:        1.03 GB reserved,      29.38 MB (  3%) committed 

Chunk freelists:
   Non-Class:  15.00 KB
       Class:  9.00 KB
        Both:  24.00 KB

MaxMetaspaceSize: unlimited
CompressedClassSpaceSize: 1.00 GB

CodeHeap 'non-profiled nmethods': size=238384Kb used=4773Kb max_used=4773Kb free=233611Kb
 bounds [0x0000000112f3a000, 0x00000001133ea000, 0x0000000121806000]
CodeHeap 'non-nmethods': size=7376Kb used=1212Kb max_used=1212Kb free=6163Kb
 bounds [0x0000000112806000, 0x0000000112a76000, 0x0000000112f3a000]
 total_blobs=3387 nmethods=2896 adapters=409
 compilation: enabled
              stopped_count=0, restarted_count=0
 full_count=0

Compilation events (20 events):
Event: 13.540 Thread 0x00007fe05c02b800 2882       1       sun.rmi.transport.Target::getAccessControlContext (5 bytes)
Event: 13.540 Thread 0x00007fe05c02b800 nmethod 2882 0x00000001133de690 code [0x00000001133de840, 0x00000001133de950]
Event: 13.540 Thread 0x00007fe05c02b800 2883       1       sun.rmi.transport.Target::getContextClassLoader (5 bytes)
Event: 13.540 Thread 0x00007fe05c02b800 nmethod 2883 0x00000001133dea10 code [0x00000001133debc0, 0x00000001133decd0]
Event: 13.987 Thread 0x00007fe05c02b800 2888       1       java.util.logging.LogManager$LoggerContext::requiresDefaultLoggers (29 bytes)
Event: 13.987 Thread 0x00007fe05c02b800 nmethod 2888 0x00000001133ded90 code [0x00000001133def40, 0x00000001133df0c8]
Event: 14.040 Thread 0x00007fe05c02b800 2889       1       java.lang.Thread::isDaemon (5 bytes)
Event: 14.040 Thread 0x00007fe05c02b800 nmethod 2889 0x00000001133df190 code [0x00000001133df340, 0x00000001133df450]
Event: 14.040 Thread 0x00007fe05c02b800 2890       1       java.lang.Long::getChars (208 bytes)
Event: 14.072 Thread 0x00007fe05c02b800 nmethod 2890 0x00000001133df510 code [0x00000001133df700, 0x00000001133dfb70]
Event: 14.072 Thread 0x00007fe05c02b800 2891       1       jdk.internal.misc.InnocuousThread::eraseThreadLocals (23 bytes)
Event: 14.072 Thread 0x00007fe05c02b800 nmethod 2891 0x00000001133dff90 code [0x00000001133e0140, 0x00000001133e0330]
Event: 14.073 Thread 0x00007fe05c02b800 2892       1       java.io.ObjectStreamField::<init> (264 bytes)
Event: 14.074 Thread 0x00007fe05c02b800 nmethod 2892 0x00000001133e0390 code [0x00000001133e0600, 0x00000001133e1028]
Event: 14.074 Thread 0x00007fe05c02b800 2893       1       java.net.SocketOutputStream::write (8 bytes)
Event: 14.074 Thread 0x00007fe05c02b800 nmethod 2893 0x00000001133e1710 code [0x00000001133e18c0, 0x00000001133e1a28]
Event: 14.074 Thread 0x00007fe05c02b800 2894   !   1       java.net.SocketOutputStream::socketWrite (133 bytes)
Event: 14.075 Thread 0x00007fe05c02b800 nmethod 2894 0x00000001133e1b10 code [0x00000001133e1de0, 0x00000001133e2978]
Event: 14.075 Thread 0x00007fe05c02b800 2896       1       sun.rmi.transport.tcp.TCPConnection::releaseOutputStream (15 bytes)
Event: 14.076 Thread 0x00007fe05c02b800 nmethod 2896 0x00000001133e3090 code [0x00000001133e3240, 0x00000001133e3388]

GC Heap History (8 events):
Event: 1.070 GC heap before
{Heap before GC invocations=0 (full 0):
 garbage-first heap   total 131072K, used 24576K [0x0000000780000000, 0x0000000800000000)
  region size 1024K, 24 young (24576K), 0 survivors (0K)
 Metaspace       used 14574K, capacity 14953K, committed 15104K, reserved 1062912K
  class space    used 1573K, capacity 1730K, committed 1792K, reserved 1048576K
}
Event: 1.078 GC heap after
{Heap after GC invocations=1 (full 0):
 garbage-first heap   total 131072K, used 4890K [0x0000000780000000, 0x0000000800000000)
  region size 1024K, 3 young (3072K), 3 survivors (3072K)
 Metaspace       used 14574K, capacity 14953K, committed 15104K, reserved 1062912K
  class space    used 1573K, capacity 1730K, committed 1792K, reserved 1048576K
}
Event: 1.407 GC heap before
{Heap before GC invocations=1 (full 0):
 garbage-first heap   total 131072K, used 35610K [0x0000000780000000, 0x0000000800000000)
  region size 1024K, 35 young (35840K), 3 survivors (3072K)
 Metaspace       used 20453K, capacity 21069K, committed 21248K, reserved 1069056K
  class space    used 2321K, capacity 2535K, committed 2560K, reserved 1048576K
}
Event: 1.413 GC heap after
{Heap after GC invocations=2 (full 0):
 garbage-first heap   total 131072K, used 6578K [0x0000000780000000, 0x0000000800000000)
  region size 1024K, 5 young (5120K), 5 survivors (5120K)
 Metaspace       used 20453K, capacity 21069K, committed 21248K, reserved 1069056K
  class space    used 2321K, capacity 2535K, committed 2560K, reserved 1048576K
}
Event: 1.754 GC heap before
{Heap before GC invocations=3 (full 0):
 garbage-first heap   total 131072K, used 39346K [0x0000000780000000, 0x0000000800000000)
  region size 1024K, 37 young (37888K), 5 survivors (5120K)
 Metaspace       used 23925K, capacity 24780K, committed 24960K, reserved 1071104K
  class space    used 2809K, capacity 3151K, committed 3200K, reserved 1048576K
}
Event: 1.761 GC heap after
{Heap after GC invocations=4 (full 0):
 garbage-first heap   total 131072K, used 8266K [0x0000000780000000, 0x0000000800000000)
  region size 1024K, 4 young (4096K), 4 survivors (4096K)
 Metaspace       used 23925K, capacity 24780K, committed 24960K, reserved 1071104K
  class space    used 2809K, capacity 3151K, committed 3200K, reserved 1048576K
}
Event: 14.041 GC heap before
{Heap before GC invocations=4 (full 0):
 garbage-first heap   total 131072K, used 60490K [0x0000000780000000, 0x0000000800000000)
  region size 1024K, 55 young (56320K), 4 survivors (4096K)
 Metaspace       used 28170K, capacity 29071K, committed 29184K, reserved 1075200K
  class space    used 3406K, capacity 3762K, committed 3840K, reserved 1048576K
}
Event: 14.072 GC heap after
{Heap after GC invocations=5 (full 0):
 garbage-first heap   total 131072K, used 9287K [0x0000000780000000, 0x0000000800000000)
  region size 1024K, 5 young (5120K), 5 survivors (5120K)
 Metaspace       used 28170K, capacity 29071K, committed 29184K, reserved 1075200K
  class space    used 3406K, capacity 3762K, committed 3840K, reserved 1048576K
}

Deoptimization events (20 events):
Event: 14.118 Thread 0x00007fe05c12c800 DEOPT PACKING pc=0x0000000113260451 sp=0x000070000cb14820
Event: 14.118 Thread 0x00007fe05c12c800 DEOPT UNPACKING pc=0x000000011283efba sp=0x000070000cb13d08 mode 1
Event: 14.118 Thread 0x00007fe05c12c800 DEOPT PACKING pc=0x000000011325fae4 sp=0x000070000cb148a0
Event: 14.118 Thread 0x00007fe05c12c800 DEOPT UNPACKING pc=0x000000011283efba sp=0x000070000cb13d68 mode 1
Event: 14.118 Thread 0x00007fe05c12c800 DEOPT PACKING pc=0x000000011325e724 sp=0x000070000cb14900
Event: 14.118 Thread 0x00007fe05c12c800 DEOPT UNPACKING pc=0x000000011283efba sp=0x000070000cb13e70 mode 1
Event: 14.122 Thread 0x00007fe05c12c800 DEOPT PACKING pc=0x0000000113239c4c sp=0x000070000cb14d50
Event: 14.122 Thread 0x00007fe05c12c800 DEOPT UNPACKING pc=0x000000011283efba sp=0x000070000cb14278 mode 1
Event: 14.122 Thread 0x00007fe05c12c800 DEOPT PACKING pc=0x0000000113260451 sp=0x000070000cb123d0
Event: 14.122 Thread 0x00007fe05c12c800 DEOPT UNPACKING pc=0x000000011283efba sp=0x000070000cb118b8 mode 1
Event: 14.122 Thread 0x00007fe05c12c800 DEOPT PACKING pc=0x000000011325fae4 sp=0x000070000cb12450
Event: 14.122 Thread 0x00007fe05c12c800 DEOPT UNPACKING pc=0x000000011283efba sp=0x000070000cb11918 mode 1
Event: 14.122 Thread 0x00007fe05c12c800 DEOPT PACKING pc=0x000000011325e724 sp=0x000070000cb124b0
Event: 14.122 Thread 0x00007fe05c12c800 DEOPT UNPACKING pc=0x000000011283efba sp=0x000070000cb11a20 mode 1
Event: 14.123 Thread 0x00007fe05c12c800 DEOPT PACKING pc=0x0000000113260451 sp=0x000070000cb14630
Event: 14.123 Thread 0x00007fe05c12c800 DEOPT UNPACKING pc=0x000000011283efba sp=0x000070000cb13b18 mode 1
Event: 14.123 Thread 0x00007fe05c12c800 DEOPT PACKING pc=0x000000011325fae4 sp=0x000070000cb146b0
Event: 14.123 Thread 0x00007fe05c12c800 DEOPT UNPACKING pc=0x000000011283efba sp=0x000070000cb13b78 mode 1
Event: 14.123 Thread 0x00007fe05c12c800 DEOPT PACKING pc=0x000000011325e724 sp=0x000070000cb14710
Event: 14.123 Thread 0x00007fe05c12c800 DEOPT UNPACKING pc=0x000000011283efba sp=0x000070000cb13c80 mode 1

Classes redefined (0 events):
No events

Internal exceptions (20 events):
Event: 1.578 Thread 0x00007fe0592e8800 Exception <a 'java/lang/ClassNotFoundException'{0x00000007870ddc98}: org/springframework/context/annotation/ConfigurationClassPostProcessorCustomizer> (0x00000007870ddc98) thrown at [../../src/hotspot/share/classfile/systemDictionary.cpp, line 231]
Event: 1.584 Thread 0x00007fe0592e8800 Exception <a 'java/lang/ClassNotFoundException'{0x0000000786f56128}: org/springframework/beans/factory/support/BeanDefinitionRegistryPostProcessorCustomizer> (0x0000000786f56128) thrown at [../../src/hotspot/share/classfile/systemDictionary.cpp, line 231]
Event: 1.585 Thread 0x00007fe0592e8800 Exception <a 'java/lang/ClassNotFoundException'{0x0000000786f66e80}: org/springframework/beans/factory/config/BeanFactoryPostProcessorCustomizer> (0x0000000786f66e80) thrown at [../../src/hotspot/share/classfile/systemDictionary.cpp, line 231]
Event: 1.585 Thread 0x00007fe0592e8800 Exception <a 'java/lang/ClassNotFoundException'{0x0000000786f763c8}: org/springframework/core/PriorityOrderedCustomizer> (0x0000000786f763c8) thrown at [../../src/hotspot/share/classfile/systemDictionary.cpp, line 231]
Event: 1.586 Thread 0x00007fe0592e8800 Exception <a 'java/lang/ClassNotFoundException'{0x0000000786f83fb8}: org/springframework/core/OrderedCustomizer> (0x0000000786f83fb8) thrown at [../../src/hotspot/share/classfile/systemDictionary.cpp, line 231]
Event: 1.586 Thread 0x00007fe0592e8800 Exception <a 'java/lang/ClassNotFoundException'{0x0000000786f938a0}: org/springframework/context/ResourceLoaderAwareCustomizer> (0x0000000786f938a0) thrown at [../../src/hotspot/share/classfile/systemDictionary.cpp, line 231]
Event: 1.587 Thread 0x00007fe0592e8800 Exception <a 'java/lang/ClassNotFoundException'{0x0000000786fa2db8}: org/springframework/beans/factory/AwareCustomizer> (0x0000000786fa2db8) thrown at [../../src/hotspot/share/classfile/systemDictionary.cpp, line 231]
Event: 1.587 Thread 0x00007fe0592e8800 Exception <a 'java/lang/ClassNotFoundException'{0x0000000786fb1eb0}: org/springframework/beans/factory/BeanClassLoaderAwareCustomizer> (0x0000000786fb1eb0) thrown at [../../src/hotspot/share/classfile/systemDictionary.cpp, line 231]
Event: 1.588 Thread 0x00007fe0592e8800 Exception <a 'java/lang/ClassNotFoundException'{0x0000000786fc1190}: org/springframework/beans/factory/AwareCustomizer> (0x0000000786fc1190) thrown at [../../src/hotspot/share/classfile/systemDictionary.cpp, line 231]
Event: 1.588 Thread 0x00007fe0592e8800 Exception <a 'java/lang/ClassNotFoundException'{0x0000000786fcf928}: org/springframework/context/EnvironmentAwareCustomizer> (0x0000000786fcf928) thrown at [../../src/hotspot/share/classfile/systemDictionary.cpp, line 231]
Event: 1.589 Thread 0x00007fe0592e8800 Exception <a 'java/lang/ClassNotFoundException'{0x0000000786fdeb58}: org/springframework/beans/factory/AwareCustomizer> (0x0000000786fdeb58) thrown at [../../src/hotspot/share/classfile/systemDictionary.cpp, line 231]
Event: 1.625 Thread 0x00007fe0592e8800 Exception <a 'java/lang/NoSuchMethodError'{0x0000000786cd4ed0}: 'int java.lang.invoke.DirectMethodHandle$Holder.invokeSpecialIFC(java.lang.Object, java.lang.Object, java.lang.Object, java.lang.Object)'> (0x0000000786cd4ed0) thrown at [../../src/hotspot/sh
Event: 1.700 Thread 0x00007fe0592e8800 Exception <a 'java/lang/IncompatibleClassChangeError'{0x00000007864ad738}: Found class java.lang.Object, but interface was expected> (0x00000007864ad738) thrown at [../../src/hotspot/share/interpreter/linkResolver.cpp, line 839]
Event: 1.728 Thread 0x00007fe0592e8800 Exception <a 'java/lang/NoSuchMethodError'{0x00000007862aa550}: 'void java.lang.invoke.DirectMethodHandle$Holder.invokeInterface(java.lang.Object, java.lang.Object, java.lang.Object, java.lang.Object)'> (0x00000007862aa550) thrown at [../../src/hotspot/sh
Event: 1.902 Thread 0x00007fe05a86c800 Exception <a 'java/lang/reflect/InvocationTargetException'{0x0000000786f098c0}> (0x0000000786f098c0) thrown at [../../src/hotspot/share/runtime/reflection.cpp, line 1247]
Event: 2.217 Thread 0x00007fe0592e8800 Exception <a 'java/lang/NoSuchMethodError'{0x00000007858aac00}: 'int java.lang.invoke.DirectMethodHandle$Holder.invokeSpecial(java.lang.Object, java.lang.Object, java.lang.Object, java.lang.Object, java.lang.Object)'> (0x00000007858aac00) thrown at [../..
Event: 2.228 Thread 0x00007fe0592e8800 Exception <a 'java/lang/NoSuchMethodError'{0x00000007856100c0}: 'void java.lang.invoke.DirectMethodHandle$Holder.invokeVirtual(java.lang.Object, java.lang.Object, int)'> (0x00000007856100c0) thrown at [../../src/hotspot/share/interpreter/linkResolver.cpp,
Event: 2.228 Thread 0x00007fe0592e8800 Exception <a 'java/lang/NoSuchMethodError'{0x0000000785619c10}: 'long java.lang.invoke.DirectMethodHandle$Holder.invokeSpecial(java.lang.Object, java.lang.Object)'> (0x0000000785619c10) thrown at [../../src/hotspot/share/interpreter/linkResolver.cpp, line
Event: 2.283 Thread 0x00007fe0592e8800 Exception <a 'java/lang/NoSuchMethodError'{0x0000000785434528}: 'int java.lang.invoke.DirectMethodHandle$Holder.invokeInterface(java.lang.Object, java.lang.Object, java.lang.Object, java.lang.Object)'> (0x0000000785434528) thrown at [../../src/hotspot/sha
Event: 14.117 Thread 0x00007fe05c12c800 Exception <a 'java/lang/reflect/InvocationTargetException'{0x0000000787cf0500}> (0x0000000787cf0500) thrown at [../../src/hotspot/share/runtime/reflection.cpp, line 1247]

Events (20 events):
Event: 14.122 Executing VM operation: RevokeBias
Event: 14.122 Executing VM operation: RevokeBias done
Event: 14.122 Executing VM operation: RevokeBias
Event: 14.122 Executing VM operation: RevokeBias done
Event: 14.122 loading class io/protostuff/runtime/RuntimeUnsafeFieldFactory$9$1
Event: 14.122 loading class io/protostuff/runtime/RuntimeUnsafeFieldFactory$9$1 done
Event: 14.123 loading class io/protostuff/LinkedBuffer
Event: 14.123 loading class io/protostuff/LinkedBuffer done
Event: 14.123 loading class io/protostuff/ProtostuffOutput
Event: 14.123 loading class io/protostuff/ProtostuffOutput done
Event: 14.123 loading class io/protostuff/Output
Event: 14.123 loading class io/protostuff/Output done
Event: 14.123 loading class io/protostuff/WriteSession
Event: 14.123 loading class io/protostuff/WriteSession done
Event: 14.124 loading class io/protostuff/WriteSink
Event: 14.124 loading class io/protostuff/WriteSink done
Event: 14.124 loading class io/protostuff/WriteSink$1
Event: 14.124 loading class io/protostuff/WriteSink$1 done
Event: 14.124 loading class io/protostuff/WriteSink$2
Event: 14.124 loading class io/protostuff/WriteSink$2 done


Dynamic libraries:
0x00007fff2f8f8000 	/System/Library/Frameworks/Cocoa.framework/Versions/A/Cocoa
0x00007fff3d0d5000 	/System/Library/Frameworks/Security.framework/Versions/A/Security
0x00007fff2e862000 	/System/Library/Frameworks/ApplicationServices.framework/Versions/A/ApplicationServices
0x00007fff69c7f000 	/usr/lib/libz.1.dylib
0x000000010502e000 	/Library/Java/JavaVirtualMachines/adoptopenjdk-11.jdk/Contents/Home/lib/jli/libjli.dylib
0x00007fff67743000 	/usr/lib/libSystem.B.dylib
0x00007fff2da53000 	/System/Library/Frameworks/AppKit.framework/Versions/C/AppKit
0x00007fff3027c000 	/System/Library/Frameworks/CoreData.framework/Versions/A/CoreData
0x00007fff32e49000 	/System/Library/Frameworks/Foundation.framework/Versions/C/Foundation
0x00007fff61764000 	/System/Library/PrivateFrameworks/UIFoundation.framework/Versions/A/UIFoundation
0x00007fff5c812000 	/System/Library/PrivateFrameworks/RemoteViewServices.framework/Versions/A/RemoteViewServices
0x00007fff642b8000 	/System/Library/PrivateFrameworks/XCTTargetBootstrap.framework/Versions/A/XCTTargetBootstrap
0x00007fff30667000 	/System/Library/Frameworks/CoreDisplay.framework/Versions/A/CoreDisplay
0x00007fff35d02000 	/System/Library/Frameworks/Metal.framework/Versions/A/Metal
0x00007fff4a86b000 	/System/Library/PrivateFrameworks/DesktopServicesPriv.framework/Versions/A/DesktopServicesPriv
0x00007fff68880000 	/usr/lib/liblangid.dylib
0x00007fff49b04000 	/System/Library/PrivateFrameworks/CoreSVG.framework/Versions/A/CoreSVG
0x00007fff5f968000 	/System/Library/PrivateFrameworks/SkyLight.framework/Versions/A/SkyLight
0x00007fff30c14000 	/System/Library/Frameworks/CoreGraphics.framework/Versions/A/CoreGraphics
0x00007fff2c427000 	/System/Library/Frameworks/Accelerate.framework/Versions/A/Accelerate
0x00007fff69b70000 	/usr/lib/libxml2.2.dylib
0x00007fff557c4000 	/System/Library/PrivateFrameworks/IconServices.framework/Versions/A/IconServices
0x00007fff33628000 	/System/Library/Frameworks/IOSurface.framework/Versions/A/IOSurface
0x00007fff6726d000 	/usr/lib/libDiagnosticMessagesClient.dylib
0x00007fff4a6c5000 	/System/Library/PrivateFrameworks/DFRFoundation.framework/Versions/A/DFRFoundation
0x00007fff6860f000 	/usr/lib/libicucore.A.dylib
0x00007fff2eb94000 	/System/Library/Frameworks/AudioToolbox.framework/Versions/A/AudioToolbox
0x00007fff2ec77000 	/System/Library/Frameworks/AudioUnit.framework/Versions/A/AudioUnit
0x00007fff67945000 	/usr/lib/libauto.dylib
0x00007fff4a767000 	/System/Library/PrivateFrameworks/DataDetectorsCore.framework/Versions/A/DataDetectorsCore
0x00007fff2f419000 	/System/Library/Frameworks/Carbon.framework/Versions/A/Frameworks/HIToolbox.framework/Versions/A/HIToolbox
0x00007fff3c2d2000 	/System/Library/Frameworks/QuartzCore.framework/Versions/A/QuartzCore
0x00007fff2f758000 	/System/Library/Frameworks/Carbon.framework/Versions/A/Frameworks/SpeechRecognition.framework/Versions/A/SpeechRecognition
0x00007fff4a1dc000 	/System/Library/PrivateFrameworks/CoreUI.framework/Versions/A/CoreUI
0x00007fff2fce7000 	/System/Library/Frameworks/CoreAudio.framework/Versions/A/CoreAudio
0x00007fff32b0e000 	/System/Library/Frameworks/DiskArbitration.framework/Versions/A/DiskArbitration
0x00007fff57811000 	/System/Library/PrivateFrameworks/MultitouchSupport.framework/Versions/A/MultitouchSupport
0x00007fff684d6000 	/usr/lib/libenergytrace.dylib
0x00007fff33582000 	/System/Library/Frameworks/IOKit.framework/Versions/A/IOKit
0x00007fff31b7b000 	/System/Library/Frameworks/CoreServices.framework/Versions/A/CoreServices
0x00007fff599a8000 	/System/Library/PrivateFrameworks/PerformanceAnalysis.framework/Versions/A/PerformanceAnalysis
0x00007fff3b305000 	/System/Library/Frameworks/OpenGL.framework/Versions/A/OpenGL
0x00007fff695a3000 	/usr/lib/libobjc.A.dylib
0x00007fff2f906000 	/System/Library/Frameworks/ColorSync.framework/Versions/A/ColorSync
0x00007fff30793000 	/System/Library/Frameworks/CoreFoundation.framework/Versions/A/CoreFoundation
0x00007fff31296000 	/System/Library/Frameworks/CoreImage.framework/Versions/A/CoreImage
0x00007fff325ed000 	/System/Library/Frameworks/CoreText.framework/Versions/A/CoreText
0x00007fff336b8000 	/System/Library/Frameworks/ImageIO.framework/Versions/A/ImageIO
0x00007fff67a29000 	/usr/lib/libc++.1.dylib
0x00007fff67aa5000 	/usr/lib/libcompression.dylib
0x00007fff675b1000 	/usr/lib/libMobileGestalt.dylib
0x00007fff614dd000 	/System/Library/PrivateFrameworks/TextureIO.framework/Versions/A/TextureIO
0x00007fff678a8000 	/usr/lib/libate.dylib
0x00007fff559cd000 	/System/Library/PrivateFrameworks/InternationalSupport.framework/Versions/A/InternationalSupport
0x00007fff6a53f000 	/usr/lib/system/libcache.dylib
0x00007fff6a545000 	/usr/lib/system/libcommonCrypto.dylib
0x00007fff6a551000 	/usr/lib/system/libcompiler_rt.dylib
0x00007fff6a559000 	/usr/lib/system/libcopyfile.dylib
0x00007fff6a563000 	/usr/lib/system/libcorecrypto.dylib
0x00007fff6a702000 	/usr/lib/system/libdispatch.dylib
0x00007fff6a743000 	/usr/lib/system/libdyld.dylib
0x00007fff6a77a000 	/usr/lib/system/libkeymgr.dylib
0x00007fff6a788000 	/usr/lib/system/liblaunch.dylib
0x00007fff6a789000 	/usr/lib/system/libmacho.dylib
0x00007fff6a78f000 	/usr/lib/system/libquarantine.dylib
0x00007fff6a792000 	/usr/lib/system/libremovefile.dylib
0x00007fff6a794000 	/usr/lib/system/libsystem_asl.dylib
0x00007fff6a7ac000 	/usr/lib/system/libsystem_blocks.dylib
0x00007fff6a7ad000 	/usr/lib/system/libsystem_c.dylib
0x00007fff6a835000 	/usr/lib/system/libsystem_configuration.dylib
0x00007fff6a839000 	/usr/lib/system/libsystem_coreservices.dylib
0x00007fff6a83d000 	/usr/lib/system/libsystem_darwin.dylib
0x00007fff6a846000 	/usr/lib/system/libsystem_dnssd.dylib
0x00007fff6a84e000 	/usr/lib/system/libsystem_featureflags.dylib
0x00007fff6a850000 	/usr/lib/system/libsystem_info.dylib
0x00007fff6a8cb000 	/usr/lib/system/libsystem_m.dylib
0x00007fff6a913000 	/usr/lib/system/libsystem_malloc.dylib
0x00007fff6a93b000 	/usr/lib/system/libsystem_networkextension.dylib
0x00007fff6a949000 	/usr/lib/system/libsystem_notify.dylib
0x00007fff6a967000 	/usr/lib/system/libsystem_sandbox.dylib
0x00007fff6a96c000 	/usr/lib/system/libsystem_secinit.dylib
0x00007fff6a89e000 	/usr/lib/system/libsystem_kernel.dylib
0x00007fff6a953000 	/usr/lib/system/libsystem_platform.dylib
0x00007fff6a95c000 	/usr/lib/system/libsystem_pthread.dylib
0x00007fff6a96f000 	/usr/lib/system/libsystem_symptoms.dylib
0x00007fff6a977000 	/usr/lib/system/libsystem_trace.dylib
0x00007fff6a98f000 	/usr/lib/system/libunwind.dylib
0x00007fff6a995000 	/usr/lib/system/libxpc.dylib
0x00007fff67a7c000 	/usr/lib/libc++abi.dylib
0x00007fff68882000 	/usr/lib/liblzma.5.dylib
0x00007fff684fd000 	/usr/lib/libfakelink.dylib
0x00007fff67835000 	/usr/lib/libarchive.2.dylib
0x00007fff3e185000 	/System/Library/Frameworks/SystemConfiguration.framework/Versions/A/SystemConfiguration
0x00007fff671a0000 	/usr/lib/libCRFSuite.dylib
0x00007fff2f00a000 	/System/Library/Frameworks/CFNetwork.framework/Versions/A/CFNetwork
0x00007fff67a0b000 	/usr/lib/libbsm.0.dylib
0x00007fff6a77b000 	/usr/lib/system/libkxld.dylib
0x00007fff4409a000 	/System/Library/PrivateFrameworks/AppleFSCompression.framework/Versions/A/AppleFSCompression
0x00007fff67d96000 	/usr/lib/libcoretls.dylib
0x00007fff67dad000 	/usr/lib/libcoretls_cfhelpers.dylib
0x00007fff695e9000 	/usr/lib/libpam.2.dylib
0x00007fff6971e000 	/usr/lib/libsqlite3.dylib
0x00007fff69b5d000 	/usr/lib/libxar.1.dylib
0x00007fff67a1c000 	/usr/lib/libbz2.1.0.dylib
0x00007fff6851e000 	/usr/lib/libiconv.2.dylib
0x00007fff67a92000 	/usr/lib/libcharset.1.dylib
0x00007fff69088000 	/usr/lib/libnetwork.dylib
0x00007fff695f0000 	/usr/lib/libpcap.A.dylib
0x00007fff677ea000 	/usr/lib/libapple_nghttp2.dylib
0x00007fff31f32000 	/System/Library/Frameworks/CoreServices.framework/Versions/A/Frameworks/FSEvents.framework/Versions/A/FSEvents
0x00007fff31c02000 	/System/Library/Frameworks/CoreServices.framework/Versions/A/Frameworks/CarbonCore.framework/Versions/A/CarbonCore
0x00007fff32175000 	/System/Library/Frameworks/CoreServices.framework/Versions/A/Frameworks/Metadata.framework/Versions/A/Metadata
0x00007fff3220e000 	/System/Library/Frameworks/CoreServices.framework/Versions/A/Frameworks/OSServices.framework/Versions/A/OSServices
0x00007fff3223c000 	/System/Library/Frameworks/CoreServices.framework/Versions/A/Frameworks/SearchKit.framework/Versions/A/SearchKit
0x00007fff31b7c000 	/System/Library/Frameworks/CoreServices.framework/Versions/A/Frameworks/AE.framework/Versions/A/AE
0x00007fff31f3b000 	/System/Library/Frameworks/CoreServices.framework/Versions/A/Frameworks/LaunchServices.framework/Versions/A/LaunchServices
0x00007fff31ee4000 	/System/Library/Frameworks/CoreServices.framework/Versions/A/Frameworks/DictionaryServices.framework/Versions/A/DictionaryServices
0x00007fff322a4000 	/System/Library/Frameworks/CoreServices.framework/Versions/A/Frameworks/SharedFileList.framework/Versions/A/SharedFileList
0x00007fff37125000 	/System/Library/Frameworks/NetFS.framework/Versions/A/NetFS
0x00007fff57d40000 	/System/Library/PrivateFrameworks/NetAuth.framework/Versions/A/NetAuth
0x00007fff64685000 	/System/Library/PrivateFrameworks/login.framework/Versions/A/Frameworks/loginsupport.framework/Versions/A/loginsupport
0x00007fff60faa000 	/System/Library/PrivateFrameworks/TCC.framework/Versions/A/TCC
0x00007fff48c77000 	/System/Library/PrivateFrameworks/CoreNLP.framework/Versions/A/CoreNLP
0x00007fff5723f000 	/System/Library/PrivateFrameworks/MetadataUtilities.framework/Versions/A/MetadataUtilities
0x00007fff6895a000 	/usr/lib/libmecabra.dylib
0x00007fff688b2000 	/usr/lib/libmecab.dylib
0x00007fff6850e000 	/usr/lib/libgermantok.dylib
0x00007fff677d1000 	/usr/lib/libThaiTokenizer.dylib
0x00007fff671d7000 	/usr/lib/libChineseTokenizer.dylib
0x00007fff2c43f000 	/System/Library/Frameworks/Accelerate.framework/Versions/A/Frameworks/vImage.framework/Versions/A/vImage
0x00007fff2d8a9000 	/System/Library/Frameworks/Accelerate.framework/Versions/A/Frameworks/vecLib.framework/Versions/A/vecLib
0x00007fff2d7e6000 	/System/Library/Frameworks/Accelerate.framework/Versions/A/Frameworks/vecLib.framework/Versions/A/libvMisc.dylib
0x00007fff2d60e000 	/System/Library/Frameworks/Accelerate.framework/Versions/A/Frameworks/vecLib.framework/Versions/A/libvDSP.dylib
0x00007fff2ca96000 	/System/Library/Frameworks/Accelerate.framework/Versions/A/Frameworks/vecLib.framework/Versions/A/libBLAS.dylib
0x00007fff2d1d2000 	/System/Library/Frameworks/Accelerate.framework/Versions/A/Frameworks/vecLib.framework/Versions/A/libLAPACK.dylib
0x00007fff2d56e000 	/System/Library/Frameworks/Accelerate.framework/Versions/A/Frameworks/vecLib.framework/Versions/A/libLinearAlgebra.dylib
0x00007fff2d5fb000 	/System/Library/Frameworks/Accelerate.framework/Versions/A/Frameworks/vecLib.framework/Versions/A/libSparseBLAS.dylib
0x00007fff2d584000 	/System/Library/Frameworks/Accelerate.framework/Versions/A/Frameworks/vecLib.framework/Versions/A/libQuadrature.dylib
0x00007fff2ccfe000 	/System/Library/Frameworks/Accelerate.framework/Versions/A/Frameworks/vecLib.framework/Versions/A/libBNNS.dylib
0x00007fff2d58a000 	/System/Library/Frameworks/Accelerate.framework/Versions/A/Frameworks/vecLib.framework/Versions/A/libSparse.dylib
0x00007fff55db5000 	/System/Library/PrivateFrameworks/LanguageModeling.framework/Versions/A/LanguageModeling
0x00007fff48627000 	/System/Library/PrivateFrameworks/CoreEmoji.framework/Versions/A/CoreEmoji
0x00007fff55ed3000 	/System/Library/PrivateFrameworks/LinguisticData.framework/Versions/A/LinguisticData
0x00007fff55e84000 	/System/Library/PrivateFrameworks/Lexicon.framework/Versions/A/Lexicon
0x00007fff67a93000 	/usr/lib/libcmph.dylib
0x00007fff39d13000 	/System/Library/Frameworks/OpenDirectory.framework/Versions/A/Frameworks/CFOpenDirectory.framework/Versions/A/CFOpenDirectory
0x00007fff39d30000 	/System/Library/Frameworks/OpenDirectory.framework/Versions/A/OpenDirectory
0x00007fff42150000 	/System/Library/PrivateFrameworks/APFS.framework/Versions/A/APFS
0x00007fff3d41f000 	/System/Library/Frameworks/SecurityFoundation.framework/Versions/A/SecurityFoundation
0x00007fff69b59000 	/usr/lib/libutil.dylib
0x00007fff49b5c000 	/System/Library/PrivateFrameworks/CoreServicesStore.framework/Versions/A/CoreServicesStore
0x00007fff3d4d6000 	/System/Library/Frameworks/ServiceManagement.framework/Versions/A/ServiceManagement
0x00007fff45868000 	/System/Library/PrivateFrameworks/BackgroundTaskManagement.framework/Versions/A/BackgroundTaskManagement
0x00007fff69c56000 	/usr/lib/libxslt.1.dylib
0x00007fff4470c000 	/System/Library/PrivateFrameworks/AppleSystemInfo.framework/Versions/A/AppleSystemInfo
0x00007fff338d3000 	/System/Library/Frameworks/ImageIO.framework/Versions/A/Resources/libJPEG.dylib
0x00007fff33b8f000 	/System/Library/Frameworks/ImageIO.framework/Versions/A/Resources/libTIFF.dylib
0x00007fff33b72000 	/System/Library/Frameworks/ImageIO.framework/Versions/A/Resources/libPng.dylib
0x00007fff33815000 	/System/Library/Frameworks/ImageIO.framework/Versions/A/Resources/libGIF.dylib
0x00007fff33819000 	/System/Library/Frameworks/ImageIO.framework/Versions/A/Resources/libJP2.dylib
0x00007fff33b8d000 	/System/Library/Frameworks/ImageIO.framework/Versions/A/Resources/libRadiance.dylib
0x00007fff684d7000 	/usr/lib/libexpat.1.dylib
0x00007fff441f5000 	/System/Library/PrivateFrameworks/AppleJPEG.framework/Versions/A/AppleJPEG
0x00007fff4ce37000 	/System/Library/PrivateFrameworks/FontServices.framework/libFontParser.dylib
0x00007fff6368b000 	/System/Library/PrivateFrameworks/WatchdogClient.framework/Versions/A/WatchdogClient
0x00007fff55411000 	/System/Library/PrivateFrameworks/IOAccelerator.framework/Versions/A/IOAccelerator
0x00007fff3609d000 	/System/Library/Frameworks/MetalPerformanceShaders.framework/Versions/A/MetalPerformanceShaders
0x00007fff51baa000 	/System/Library/PrivateFrameworks/GPUWrangler.framework/Versions/A/GPUWrangler
0x00007fff55426000 	/System/Library/PrivateFrameworks/IOPresentment.framework/Versions/A/IOPresentment
0x00007fff4a6d8000 	/System/Library/PrivateFrameworks/DSExternalDisplay.framework/Versions/A/DSExternalDisplay
0x00007fff3a6a4000 	/System/Library/Frameworks/OpenGL.framework/Versions/A/Libraries/libCoreFSCache.dylib
0x00007fff35de9000 	/System/Library/Frameworks/MetalPerformanceShaders.framework/Frameworks/MPSCore.framework/Versions/A/MPSCore
0x00007fff35e27000 	/System/Library/Frameworks/MetalPerformanceShaders.framework/Frameworks/MPSImage.framework/Versions/A/MPSImage
0x00007fff35eee000 	/System/Library/Frameworks/MetalPerformanceShaders.framework/Frameworks/MPSNeuralNetwork.framework/Versions/A/MPSNeuralNetwork
0x00007fff35eb2000 	/System/Library/Frameworks/MetalPerformanceShaders.framework/Frameworks/MPSMatrix.framework/Versions/A/MPSMatrix
0x00007fff3604d000 	/System/Library/Frameworks/MetalPerformanceShaders.framework/Frameworks/MPSRayIntersector.framework/Versions/A/MPSRayIntersector
0x00007fff35ed8000 	/System/Library/Frameworks/MetalPerformanceShaders.framework/Frameworks/MPSNDArray.framework/Versions/A/MPSNDArray
0x00007fff5728c000 	/System/Library/PrivateFrameworks/MetalTools.framework/Versions/A/MetalTools
0x00007fff43322000 	/System/Library/PrivateFrameworks/AggregateDictionary.framework/Versions/A/AggregateDictionary
0x00007fff48081000 	/System/Library/PrivateFrameworks/CoreAnalytics.framework/Versions/A/CoreAnalytics
0x00007fff4462b000 	/System/Library/PrivateFrameworks/AppleSauce.framework/Versions/A/AppleSauce
0x00007fff67493000 	/usr/lib/libIOReport.dylib
0x00007fff327a5000 	/System/Library/Frameworks/CoreVideo.framework/Versions/A/CoreVideo
0x00007fff53024000 	/System/Library/PrivateFrameworks/GraphVisualizer.framework/Versions/A/GraphVisualizer
0x00007fff4c38b000 	/System/Library/PrivateFrameworks/FaceCore.framework/Versions/A/FaceCore
0x00007fff39cba000 	/System/Library/Frameworks/OpenCL.framework/Versions/A/OpenCL
0x00007fff672b5000 	/usr/lib/libFosl_dynamic.dylib
0x00007fff58755000 	/System/Library/PrivateFrameworks/OTSVG.framework/Versions/A/OTSVG
0x00007fff2e967000 	/System/Library/Frameworks/ApplicationServices.framework/Versions/A/Frameworks/ATS.framework/Versions/A/Resources/libFontRegistry.dylib
0x00007fff4d008000 	/System/Library/PrivateFrameworks/FontServices.framework/libhvf.dylib
0x00007fff3a6af000 	/System/Library/Frameworks/OpenGL.framework/Versions/A/Libraries/libGFXShared.dylib
0x00007fff3a88d000 	/System/Library/Frameworks/OpenGL.framework/Versions/A/Libraries/libGLU.dylib
0x00007fff3a6b8000 	/System/Library/Frameworks/OpenGL.framework/Versions/A/Libraries/libGL.dylib
0x00007fff3a6c3000 	/System/Library/Frameworks/OpenGL.framework/Versions/A/Libraries/libGLImage.dylib
0x00007fff3a6a1000 	/System/Library/Frameworks/OpenGL.framework/Versions/A/Libraries/libCVMSPluginSupport.dylib
0x00007fff3a6aa000 	/System/Library/Frameworks/OpenGL.framework/Versions/A/Libraries/libCoreVMClient.dylib
0x00007fff68f29000 	/usr/lib/libncurses.5.4.dylib
0x00007fff2e863000 	/System/Library/Frameworks/ApplicationServices.framework/Versions/A/Frameworks/ATS.framework/Versions/A/ATS
0x00007fff2ea30000 	/System/Library/Frameworks/ApplicationServices.framework/Versions/A/Frameworks/ColorSyncLegacy.framework/Versions/A/ColorSyncLegacy
0x00007fff2eace000 	/System/Library/Frameworks/ApplicationServices.framework/Versions/A/Frameworks/HIServices.framework/Versions/A/HIServices
0x00007fff2eb26000 	/System/Library/Frameworks/ApplicationServices.framework/Versions/A/Frameworks/LangAnalysis.framework/Versions/A/LangAnalysis
0x00007fff2eb35000 	/System/Library/Frameworks/ApplicationServices.framework/Versions/A/Frameworks/PrintCore.framework/Versions/A/PrintCore
0x00007fff2eb7b000 	/System/Library/Frameworks/ApplicationServices.framework/Versions/A/Frameworks/QD.framework/Versions/A/QD
0x00007fff2eb86000 	/System/Library/Frameworks/ApplicationServices.framework/Versions/A/Frameworks/SpeechSynthesis.framework/Versions/A/SpeechSynthesis
0x00007fff2ea00000 	/System/Library/Frameworks/ApplicationServices.framework/Versions/A/Frameworks/ATSUI.framework/Versions/A/ATSUI
0x00007fff6836b000 	/usr/lib/libcups.2.dylib
0x00007fff3513a000 	/System/Library/Frameworks/Kerberos.framework/Versions/A/Kerberos
0x00007fff3327b000 	/System/Library/Frameworks/GSS.framework/Versions/A/GSS
0x00007fff696aa000 	/usr/lib/libresolv.9.dylib
0x00007fff531d2000 	/System/Library/PrivateFrameworks/Heimdal.framework/Versions/A/Heimdal
0x00007fff3514d000 	/System/Library/Frameworks/Kerberos.framework/Versions/A/Libraries/libHeimdalProxy.dylib
0x00007fff68514000 	/usr/lib/libheimdal-asn1.dylib
0x00007fff4751a000 	/System/Library/PrivateFrameworks/CommonAuth.framework/Versions/A/CommonAuth
0x00007fff447a9000 	/System/Library/PrivateFrameworks/AssertionServices.framework/Versions/A/AssertionServices
0x00007fff4534b000 	/System/Library/PrivateFrameworks/AudioToolboxCore.framework/Versions/A/AudioToolboxCore
0x00007fff64335000 	/System/Library/PrivateFrameworks/caulk.framework/Versions/A/caulk
0x00007fff45914000 	/System/Library/PrivateFrameworks/BaseBoard.framework/Versions/A/BaseBoard
0x00007fff5c9a0000 	/System/Library/PrivateFrameworks/RunningBoardServices.framework/Versions/A/RunningBoardServices
0x00007fff599b4000 	/System/Library/PrivateFrameworks/PersistentConnection.framework/Versions/A/PersistentConnection
0x00007fff5c39a000 	/System/Library/PrivateFrameworks/ProtocolBuffer.framework/Versions/A/ProtocolBuffer
0x00007fff4753e000 	/System/Library/PrivateFrameworks/CommonUtilities.framework/Versions/A/CommonUtilities
0x00007fff45aa2000 	/System/Library/PrivateFrameworks/Bom.framework/Versions/A/Bom
0x00007fff67166000 	/usr/lib/libAudioToolboxUtility.dylib
0x00007fff45872000 	/System/Library/PrivateFrameworks/Backup.framework/Versions/A/Backup
0x00007fff4a5f9000 	/System/Library/PrivateFrameworks/CrashReporterSupport.framework/Versions/A/CrashReporterSupport
0x00007fff5e42e000 	/System/Library/PrivateFrameworks/Sharing.framework/Versions/A/Sharing
0x00007fff43db8000 	/System/Library/PrivateFrameworks/Apple80211.framework/Versions/A/Apple80211
0x00007fff4558f000 	/System/Library/PrivateFrameworks/AuthKit.framework/Versions/A/AuthKit
0x00007fff4a309000 	/System/Library/PrivateFrameworks/CoreUtils.framework/Versions/A/CoreUtils
0x00007fff327ea000 	/System/Library/Frameworks/CoreWLAN.framework/Versions/A/CoreWLAN
0x00007fff33408000 	/System/Library/Frameworks/IOBluetooth.framework/Versions/A/IOBluetooth
0x00007fff57590000 	/System/Library/PrivateFrameworks/MobileKeyBag.framework/Versions/A/MobileKeyBag
0x00007fff4910f000 	/System/Library/PrivateFrameworks/CorePhoneNumbers.framework/Versions/A/CorePhoneNumbers
0x00007fff441a8000 	/System/Library/PrivateFrameworks/AppleIDAuthSupport.framework/Versions/A/AppleIDAuthSupport
0x00007fff37132000 	/System/Library/Frameworks/Network.framework/Versions/A/Network
0x00007fff55c61000 	/System/Library/PrivateFrameworks/KeychainCircle.framework/Versions/A/KeychainCircle
0x00007fff30243000 	/System/Library/Frameworks/CoreBluetooth.framework/Versions/A/CoreBluetooth
0x00007fff604ab000 	/System/Library/PrivateFrameworks/SpeechRecognitionCore.framework/Versions/A/SpeechRecognitionCore
0x00007fff237ec000 	/System/Library/CoreServices/Encodings/libSimplifiedChineseConverter.dylib
0x0000000106200000 	/Library/Java/JavaVirtualMachines/adoptopenjdk-11.jdk/Contents/Home/lib/server/libjvm.dylib
0x00007fff69a2c000 	/usr/lib/libstdc++.6.dylib
0x000000010504e000 	/Library/Java/JavaVirtualMachines/adoptopenjdk-11.jdk/Contents/Home/lib/libverify.dylib
0x000000010505a000 	/Library/Java/JavaVirtualMachines/adoptopenjdk-11.jdk/Contents/Home/lib/libjava.dylib
0x000000010509b000 	/Library/Java/JavaVirtualMachines/adoptopenjdk-11.jdk/Contents/Home/lib/libjdwp.dylib
0x00000001050d3000 	/Library/Java/JavaVirtualMachines/adoptopenjdk-11.jdk/Contents/Home/lib/libinstrument.dylib
0x0000000105157000 	/Library/Java/JavaVirtualMachines/adoptopenjdk-11.jdk/Contents/Home/lib/libzip.dylib
0x000000010515f000 	/Library/Java/JavaVirtualMachines/adoptopenjdk-11.jdk/Contents/Home/lib/libjimage.dylib
0x00000001098c7000 	/Library/Java/JavaVirtualMachines/adoptopenjdk-11.jdk/Contents/Home/lib/libdt_socket.dylib
0x00000001098cd000 	/Library/Java/JavaVirtualMachines/adoptopenjdk-11.jdk/Contents/Home/lib/libnio.dylib
0x00000001098db000 	/Library/Java/JavaVirtualMachines/adoptopenjdk-11.jdk/Contents/Home/lib/libnet.dylib
0x000000010993a000 	/Library/Java/JavaVirtualMachines/adoptopenjdk-11.jdk/Contents/Home/lib/libmanagement.dylib
0x000000010993f000 	/Library/Java/JavaVirtualMachines/adoptopenjdk-11.jdk/Contents/Home/lib/libmanagement_ext.dylib
0x0000000109b45000 	/Library/Java/JavaVirtualMachines/adoptopenjdk-11.jdk/Contents/Home/lib/libextnet.dylib


VM Arguments:
jvm_args: -agentlib:jdwp=transport=dt_socket,address=127.0.0.1:49997,suspend=y,server=n -XX:TieredStopAtLevel=1 -Xverify:none -Dspring.output.ansi.enabled=always -Dcom.sun.management.jmxremote -Dspring.jmx.enabled=true -Dspring.liveBeansView.mbeanDomain -Dspring.application.admin.enabled=true -javaagent:/Users/zhangcb/Library/Caches/IntelliJIdea2019.3/captureAgent/debugger-agent.jar -Dfile.encoding=UTF-8 
java_command: org.dhp.examples.rpcdemo.RpcServerDemoApplication
java_class_path (initial): /Users/zhangcb/Documents/zhangcb/github.com/chzcb/j2ee.examples/dhp-examples/rpc-demo/target/classes:/Users/zhangcb/.m2/repository/org/springframework/boot/spring-boot-starter/2.3.0.RELEASE/spring-boot-starter-2.3.0.RELEASE.jar:/Users/zhangcb/.m2/repository/org/springframework/boot/spring-boot/2.3.0.RELEASE/spring-boot-2.3.0.RELEASE.jar:/Users/zhangcb/.m2/repository/org/springframework/boot/spring-boot-autoconfigure/2.3.0.RELEASE/spring-boot-autoconfigure-2.3.0.RELEASE.jar:/Users/zhangcb/.m2/repository/org/springframework/boot/spring-boot-starter-logging/2.3.0.RELEASE/spring-boot-starter-logging-2.3.0.RELEASE.jar:/Users/zhangcb/.m2/repository/org/apache/logging/log4j/log4j-to-slf4j/2.13.2/log4j-to-slf4j-2.13.2.jar:/Users/zhangcb/.m2/repository/org/apache/logging/log4j/log4j-api/2.13.2/log4j-api-2.13.2.jar:/Users/zhangcb/.m2/repository/org/slf4j/jul-to-slf4j/1.7.30/jul-to-slf4j-1.7.30.jar:/Users/zhangcb/.m2/repository/jakarta/annotation/jakarta.annotation-api/1.3.5/jakarta.annotation-api-1.3.5.jar:/Users/zhangcb/.m2/repository/org/springframework/spring-core/5.2.6.RELEASE/spring-core-5.2.6.RELEASE.jar:/Users/zhangcb/.m2/repository/org/springframework/spring-jcl/5.2.6.RELEASE/spring-jcl-5.2.6.RELEASE.jar:/Users/zhangcb/.m2/repository/org/yaml/snakeyaml/1.26/snakeyaml-1.26.jar:/Users/zhangcb/Documents/zhangcb/github.com/chzcb/j2ee.examples/dhp-examples/rpc-demo-service/target/classes:/Users/zhangcb/Documents/zhangcb/github.com/chzcb/dhp-rpc/dhp-rpc-common/target/classes:/Users/zhangcb/.m2/repository/org/apache/commons/commons-lang3/3.10/commons-lang3-3.10.jar:/Users/zhangcb/.m2/repository/commons-io/commons-io/2.4/commons-io-2.4.jar:/Users/zhangcb/.m2/repository/cglib/cglib/3.2.2/cglib-3.2.2.jar:/Users/zhangcb/.m2/repository/org/ow2/asm/asm/5.0.4/asm-5.0.4.jar:/Users/zhangcb/.m2/repository/org/apache/ant/ant/1.9.6/ant-1.9.6.jar:/Users/zhangcb/.m2/repository/org/apache/ant/ant-launcher/1.9.6/ant-launcher-1.9.6.jar:/Users/zhangcb/.m2/reposito
Launcher Type: SUN_STANDARD

[Global flags]
     bool BytecodeVerificationLocal                = false                                     {product} {command line}
     bool BytecodeVerificationRemote               = false                                     {product} {command line}
     intx CICompilerCount                          = 4                                         {product} {ergonomic}
     uint ConcGCThreads                            = 2                                         {product} {ergonomic}
     uint G1ConcRefinementThreads                  = 8                                         {product} {ergonomic}
   size_t G1HeapRegionSize                         = 1048576                                   {product} {ergonomic}
    uintx GCDrainStackTargetSize                   = 64                                        {product} {ergonomic}
   size_t InitialHeapSize                          = 134217728                                 {product} {ergonomic}
     bool ManagementServer                         = true                                      {product} {command line}
   size_t MarkStackSize                            = 4194304                                   {product} {ergonomic}
   size_t MaxHeapSize                              = 2147483648                                {product} {ergonomic}
   size_t MaxNewSize                               = 1287651328                                {product} {ergonomic}
   size_t MinHeapDeltaBytes                        = 1048576                                   {product} {ergonomic}
    uintx NonNMethodCodeHeapSize                   = 7549744                                {pd product} {ergonomic}
    uintx NonProfiledCodeHeapSize                  = 244108496                              {pd product} {ergonomic}
    uintx ProfiledCodeHeapSize                     = 0                                      {pd product} {ergonomic}
    uintx ReservedCodeCacheSize                    = 251658240                              {pd product} {ergonomic}
     bool SegmentedCodeCache                       = true                                      {product} {ergonomic}
     intx TieredStopAtLevel                        = 1                                         {product} {command line}
     bool UseCompressedClassPointers               = true                                 {lp64_product} {ergonomic}
     bool UseCompressedOops                        = true                                 {lp64_product} {ergonomic}
     bool UseG1GC                                  = true                                      {product} {ergonomic}

Logging:
Log output configuration:
 #0: stdout all=warning uptime,level,tags
 #1: stderr all=off uptime,level,tags

Environment Variables:
JAVA_HOME=/Library/Java/JavaVirtualMachines/jdk1.8.0_241.jdk/Contents/Home
PATH=/usr/local/opt/mysql@5.7/bin:/usr/local/bin:/usr/bin:/bin:/usr/sbin:/sbin:/Library/Apple/usr/bin:/Library/Java/JavaVirtualMachines/jdk1.8.0_241.jdk/Contents/Home/bin:/Users/zhangcb/Software/apache-maven-3.3.9/bin:/Users/zhangcb/Library/Python/2.7/bin
SHELL=/bin/zsh

Signal Handlers:
SIGSEGV: [libjvm.dylib+0x77be8e], sa_mask[0]=11111111011111110111111111111111, sa_flags=SA_ONSTACK|SA_RESTART|SA_SIGINFO
SIGBUS: [libjvm.dylib+0x77be8e], sa_mask[0]=11111111011111110111111111111111, sa_flags=SA_RESTART|SA_SIGINFO
SIGFPE: [libjvm.dylib+0x77be8e], sa_mask[0]=11111111011111110111111111111111, sa_flags=SA_RESTART|SA_SIGINFO
SIGPIPE: [libjvm.dylib+0x616928], sa_mask[0]=11111111011111110111111111111111, sa_flags=SA_RESTART|SA_SIGINFO
SIGXFSZ: [libjvm.dylib+0x616928], sa_mask[0]=11111111011111110111111111111111, sa_flags=SA_RESTART|SA_SIGINFO
SIGILL: [libjvm.dylib+0x77be8e], sa_mask[0]=11111111011111110111111111111111, sa_flags=SA_RESTART|SA_SIGINFO
SIGUSR2: [libjvm.dylib+0x616f18], sa_mask[0]=00100000000000000000000000000000, sa_flags=SA_RESTART|SA_SIGINFO
SIGHUP: [libjvm.dylib+0x615a09], sa_mask[0]=11111111011111110111111111111111, sa_flags=SA_RESTART|SA_SIGINFO
SIGINT: [libjvm.dylib+0x615a09], sa_mask[0]=11111111011111110111111111111111, sa_flags=SA_RESTART|SA_SIGINFO
SIGTERM: [libjvm.dylib+0x615a09], sa_mask[0]=11111111011111110111111111111111, sa_flags=SA_RESTART|SA_SIGINFO
SIGQUIT: [libjvm.dylib+0x615a09], sa_mask[0]=11111111011111110111111111111111, sa_flags=SA_RESTART|SA_SIGINFO


---------------  S Y S T E M  ---------------

OS:uname:Darwin 19.4.0 Darwin Kernel Version 19.4.0: Wed Mar  4 22:28:40 PST 2020; root:xnu-6153.101.6~15/RELEASE_X86_64 x86_64
rlimit: STACK 8192k, CORE 0k, NPROC 2088, NOFILE 10240, AS infinity, DATA infinity, FSIZE infinity
load average:3.42 3.79 3.63

CPU:total 8 (initial active 8) (4 cores per cpu, 2 threads per core) family 6 model 142 stepping 10, cmov, cx8, fxsr, mmx, sse, sse2, sse3, ssse3, sse4.1, sse4.2, popcnt, avx, avx2, aes, clmul, erms, 3dnowpref, lzcnt, ht, tsc, tscinvbit, bmi1, bmi2, adx, fma

Memory: 4k page, physical 8388608k(52372k free), swap 7340032k(1116672k free)

vm_info: OpenJDK 64-Bit Server VM (11.0.6+10) for bsd-amd64 JRE (11.0.6+10), built on Jan 15 2020 04:02:22 by "jenkins" with gcc 4.2.1 Compatible Apple LLVM 7.0.2 (clang-700.1.81)

END.
